INFO:root:Search Configuration:
Opponent: MINIMAX
Rounds: 10
Fair Matches: True
Time Limit: 150
Processes: 4
ERROR:sample_players:[Errno 2] No such file or directory: 'data.pickle'
ERROR:sample_players:[Errno 2] No such file or directory: 'data.pickle'
ERROR:sample_players:[Errno 2] No such file or directory: 'data.pickle'
ERROR:sample_players:[Errno 2] No such file or directory: 'data.pickle'
INFO:isolation:Initial game state: Isolation(board=41523161203939122082683632224299007, ply_count=0, locs=(None, None))
First agent: Agent(agent_class=<class 'sample_players.MinimaxPlayer'>, name='Minimax Agent')
Second agent: Agent(agent_class=<class 'my_custom_player.CustomPlayer'>, name='Custom Agent')

INFO:isolation:Initial game state: Isolation(board=41523161203939122082683632224299007, ply_count=0, locs=(None, None))
First agent: Agent(agent_class=<class 'sample_players.MinimaxPlayer'>, name='Minimax Agent')
Second agent: Agent(agent_class=<class 'my_custom_player.CustomPlayer'>, name='Custom Agent')

INFO:isolation:Initial game state: Isolation(board=41523161203939122082683632224299007, ply_count=0, locs=(None, None))
First agent: Agent(agent_class=<class 'my_custom_player.CustomPlayer'>, name='Custom Agent')
Second agent: Agent(agent_class=<class 'sample_players.MinimaxPlayer'>, name='Minimax Agent')

INFO:isolation:Initial game state: Isolation(board=41523161203939122082683632224299007, ply_count=0, locs=(None, None))
First agent: Agent(agent_class=<class 'my_custom_player.CustomPlayer'>, name='Custom Agent')
Second agent: Agent(agent_class=<class 'sample_players.MinimaxPlayer'>, name='Minimax Agent')

INFO:isolation:Status: Status.GAME_OVER
Final State: Isolation(board=36918430226260888895935924368598749, ply_count=58, locs=(65, 5))
History: [111, 27, <Action.ESE: -15>, <Action.NNE: 25>, <Action.ESE: -15>, <Action.WSW: -11>, <Action.SSW: -25>, <Action.NNE: 25>, <Action.ENE: 11>, <Action.WSW: -11>, <Action.SSW: -25>, <Action.SSE: -27>, <Action.WSW: -11>, <Action.WSW: -11>, <Action.WSW: -11>, <Action.WNW: 15>, <Action.NNE: 25>, <Action.NNE: 25>, <Action.SSE: -27>, <Action.WSW: -11>, <Action.NNE: 25>, <Action.NNE: 25>, <Action.NNE: 25>, <Action.NNW: 27>, <Action.WNW: 15>, <Action.ENE: 11>, <Action.WSW: -11>, <Action.SSW: -25>, <Action.NNE: 25>, <Action.SSW: -25>, <Action.ESE: -15>, <Action.ENE: 11>, <Action.ENE: 11>, <Action.NNE: 25>, <Action.ENE: 11>, <Action.WNW: 15>, <Action.SSW: -25>, <Action.SSW: -25>, <Action.SSW: -25>, <Action.SSE: -27>, <Action.SSW: -25>, <Action.ENE: 11>, <Action.WNW: 15>, <Action.NNE: 25>, <Action.WSW: -11>, <Action.ENE: 11>, <Action.SSW: -25>, <Action.SSE: -27>, <Action.ENE: 11>, <Action.SSW: -25>, <Action.ENE: 11>, <Action.SSE: -27>, <Action.ESE: -15>, <Action.SSW: -25>, <Action.NNE: 25>, <Action.WNW: 15>, <Action.NNE: 25>, <Action.WSW: -11>]
Winner: Agent(agent_class=<class 'my_custom_player.CustomPlayer'>, name='Custom Agent')
Loser: Agent(agent_class=<class 'sample_players.MinimaxPlayer'>, name='Minimax Agent')

ERROR:sample_players:[Errno 2] No such file or directory: 'data.pickle'
INFO:isolation:Initial game state: Isolation(board=41523161203939122082683632224299007, ply_count=0, locs=(None, None))
First agent: Agent(agent_class=<class 'sample_players.MinimaxPlayer'>, name='Minimax Agent')
Second agent: Agent(agent_class=<class 'my_custom_player.CustomPlayer'>, name='Custom Agent')

INFO:isolation:Status: Status.INVALID_MOVE
Final State: Isolation(board=38480527267243973847539872217196153, ply_count=57, locs=(32, 15))
History: [2, 52, <Action.NNE: 25>, <Action.WSW: -11>, <Action.WSW: -11>, <Action.NNE: 25>, <Action.ESE: -15>, <Action.WSW: -11>, <Action.NNW: 27>, <Action.NNE: 25>, <Action.WSW: -11>, <Action.NNE: 25>, <Action.NNE: 25>, <Action.WSW: -11>, <Action.WSW: -11>, <Action.SSW: -25>, <Action.NNE: 25>, <Action.SSW: -25>, <Action.WSW: -11>, <Action.WSW: -11>, <Action.WNW: 15>, <Action.WNW: 15>, <Action.ENE: 11>, <Action.NNE: 25>, <Action.NNE: 25>, <Action.ENE: 11>, <Action.WNW: 15>, <Action.SSW: -25>, <Action.SSW: -25>, <Action.WNW: 15>, <Action.ENE: 11>, <Action.ENE: 11>, <Action.SSW: -25>, <Action.SSE: -27>, <Action.ENE: 11>, <Action.ESE: -15>, <Action.NNE: 25>, <Action.SSW: -25>, <Action.ESE: -15>, <Action.ENE: 11>, <Action.SSW: -25>, <Action.NNE: 25>, <Action.WSW: -11>, <Action.NNE: 25>, <Action.SSE: -27>, <Action.NNW: 27>, <Action.WSW: -11>, <Action.SSW: -25>, <Action.WSW: -11>, <Action.ENE: 11>, <Action.WNW: 15>, <Action.SSE: -27>, <Action.ENE: 11>, <Action.SSW: -25>, <Action.SSE: -27>, <Action.SSW: -25>, <Action.NNE: 25>]
Winner: Agent(agent_class=<class 'sample_players.MinimaxPlayer'>, name='Minimax Agent')
Loser: Agent(agent_class=<class 'my_custom_player.CustomPlayer'>, name='Custom Agent')

ERROR:sample_players:[Errno 2] No such file or directory: 'data.pickle'
INFO:isolation:Initial game state: Isolation(board=41523161203939122082683632224299007, ply_count=0, locs=(None, None))
First agent: Agent(agent_class=<class 'my_custom_player.CustomPlayer'>, name='Custom Agent')
Second agent: Agent(agent_class=<class 'sample_players.MinimaxPlayer'>, name='Minimax Agent')

INFO:isolation:Status: Status.GAME_OVER
Final State: Isolation(board=36652886903596962101885394639513183, ply_count=58, locs=(109, 111))
History: [5, 45, <Action.NNE: 25>, <Action.NNE: 25>, <Action.NNE: 25>, <Action.NNE: 25>, <Action.NNE: 25>, <Action.WSW: -11>, <Action.WSW: -11>, <Action.SSE: -27>, <Action.SSW: -25>, <Action.NNE: 25>, <Action.NNW: 27>, <Action.WNW: 15>, <Action.NNE: 25>, <Action.ENE: 11>, <Action.ESE: -15>, <Action.SSW: -25>, <Action.ESE: -15>, <Action.SSE: -27>, <Action.SSE: -27>, <Action.ENE: 11>, <Action.WSW: -11>, <Action.SSW: -25>, <Action.WSW: -11>, <Action.WSW: -11>, <Action.WNW: 15>, <Action.NNW: 27>, <Action.ENE: 11>, <Action.SSW: -25>, <Action.SSW: -25>, <Action.SSW: -25>, <Action.WSW: -11>, <Action.ENE: 11>, <Action.WNW: 15>, <Action.WNW: 15>, <Action.NNW: 27>, <Action.NNE: 25>, <Action.NNE: 25>, <Action.WSW: -11>, <Action.NNE: 25>, <Action.NNW: 27>, <Action.ENE: 11>, <Action.ESE: -15>, <Action.SSW: -25>, <Action.SSW: -25>, <Action.WNW: 15>, <Action.ENE: 11>, <Action.SSE: -27>, <Action.SSW: -25>, <Action.WSW: -11>, <Action.WNW: 15>, <Action.NNE: 25>, <Action.NNE: 25>, <Action.ENE: 11>, <Action.NNE: 25>, <Action.ENE: 11>, <Action.NNE: 25>]
Winner: Agent(agent_class=<class 'my_custom_player.CustomPlayer'>, name='Custom Agent')
Loser: Agent(agent_class=<class 'sample_players.MinimaxPlayer'>, name='Minimax Agent')

ERROR:sample_players:[Errno 2] No such file or directory: 'data.pickle'
INFO:isolation:Initial game state: Isolation(board=41523161203939122082683632224299007, ply_count=0, locs=(None, None))
First agent: Agent(agent_class=<class 'sample_players.MinimaxPlayer'>, name='Minimax Agent')
Second agent: Agent(agent_class=<class 'my_custom_player.CustomPlayer'>, name='Custom Agent')

INFO:isolation:Status: Status.GAME_OVER
Final State: Isolation(board=40833254628363462477961114151954308, ply_count=62, locs=(3, 18))
History: [105, 0, <Action.SSE: -27>, <Action.WNW: 15>, <Action.SSW: -25>, <Action.WSW: -11>, <Action.SSE: -27>, <Action.NNE: 25>, <Action.SSW: -25>, <Action.NNE: 25>, <Action.NNW: 27>, <Action.WSW: -11>, <Action.NNW: 27>, <Action.NNE: 25>, <Action.SSW: -25>, <Action.WSW: -11>, <Action.WSW: -11>, <Action.WSW: -11>, <Action.NNE: 25>, <Action.NNE: 25>, <Action.NNE: 25>, <Action.NNE: 25>, <Action.WSW: -11>, <Action.ESE: -15>, <Action.NNE: 25>, <Action.SSW: -25>, <Action.WSW: -11>, <Action.WSW: -11>, <Action.NNE: 25>, <Action.NNE: 25>, <Action.ESE: -15>, <Action.NNE: 25>, <Action.NNW: 27>, <Action.WSW: -11>, <Action.ESE: -15>, <Action.SSW: -25>, <Action.ESE: -15>, <Action.SSE: -27>, <Action.SSE: -27>, <Action.SSE: -27>, <Action.SSW: -25>, <Action.ENE: 11>, <Action.WNW: 15>, <Action.WNW: 15>, <Action.NNE: 25>, <Action.SSW: -25>, <Action.NNE: 25>, <Action.WNW: 15>, <Action.SSE: -27>, <Action.WNW: 15>, <Action.WNW: 15>, <Action.NNE: 25>, <Action.ENE: 11>, <Action.NNE: 25>, <Action.SSW: -25>, <Action.WSW: -11>, <Action.SSE: -27>, <Action.ESE: -15>, <Action.SSW: -25>, <Action.SSE: -27>, <Action.WSW: -11>, <Action.ESE: -15>]
Winner: Agent(agent_class=<class 'my_custom_player.CustomPlayer'>, name='Custom Agent')
Loser: Agent(agent_class=<class 'sample_players.MinimaxPlayer'>, name='Minimax Agent')

ERROR:sample_players:[Errno 2] No such file or directory: 'data.pickle'
INFO:isolation:Initial game state: Isolation(board=41523161203939122082683632224299007, ply_count=0, locs=(None, None))
First agent: Agent(agent_class=<class 'my_custom_player.CustomPlayer'>, name='Custom Agent')
Second agent: Agent(agent_class=<class 'sample_players.MinimaxPlayer'>, name='Minimax Agent')

INFO:isolation:Status: Status.GAME_OVER
Final State: Isolation(board=39068385454905964722680777259329407, ply_count=48, locs=(85, 108))
History: [14, 31, <Action.NNE: 25>, <Action.NNE: 25>, <Action.WSW: -11>, <Action.NNE: 25>, <Action.NNE: 25>, <Action.SSE: -27>, <Action.NNE: 25>, <Action.SSW: -25>, <Action.WSW: -11>, <Action.WSW: -11>, <Action.SSW: -25>, <Action.NNE: 25>, <Action.WNW: 15>, <Action.WSW: -11>, <Action.WSW: -11>, <Action.SSW: -25>, <Action.NNE: 25>, <Action.WNW: 15>, <Action.NNE: 25>, <Action.NNE: 25>, <Action.ENE: 11>, <Action.NNE: 25>, <Action.SSE: -27>, <Action.NNE: 25>, <Action.WSW: -11>, <Action.SSE: -27>, <Action.SSW: -25>, <Action.ESE: -15>, <Action.WSW: -11>, <Action.ENE: 11>, <Action.NNE: 25>, <Action.SSW: -25>, <Action.WNW: 15>, <Action.ENE: 11>, <Action.NNE: 25>, <Action.NNW: 27>, <Action.ENE: 11>, <Action.NNE: 25>, <Action.SSW: -25>, <Action.WSW: -11>, <Action.ENE: 11>, <Action.SSW: -25>, <Action.WNW: 15>, <Action.WNW: 15>, <Action.SSW: -25>, <Action.NNE: 25>]
Winner: Agent(agent_class=<class 'my_custom_player.CustomPlayer'>, name='Custom Agent')
Loser: Agent(agent_class=<class 'sample_players.MinimaxPlayer'>, name='Minimax Agent')

ERROR:sample_players:[Errno 2] No such file or directory: 'data.pickle'
INFO:isolation:Initial game state: Isolation(board=41523161203939122082683632224299007, ply_count=0, locs=(None, None))
First agent: Agent(agent_class=<class 'sample_players.MinimaxPlayer'>, name='Minimax Agent')
Second agent: Agent(agent_class=<class 'my_custom_player.CustomPlayer'>, name='Custom Agent')

INFO:isolation:Status: Status.GAME_OVER
Final State: Isolation(board=28703590980889167189300026188243733, ply_count=65, locs=(3, 10))
History: [29, 91, <Action.NNE: 25>, <Action.SSW: -25>, <Action.NNE: 25>, <Action.SSW: -25>, <Action.SSE: -27>, <Action.WSW: -11>, <Action.SSW: -25>, <Action.SSW: -25>, <Action.WSW: -11>, <Action.WNW: 15>, <Action.ESE: -15>, <Action.NNE: 25>, <Action.NNE: 25>, <Action.NNE: 25>, <Action.WSW: -11>, <Action.NNE: 25>, <Action.NNE: 25>, <Action.SSE: -27>, <Action.WNW: 15>, <Action.SSW: -25>, <Action.WSW: -11>, <Action.SSW: -25>, <Action.WSW: -11>, <Action.WSW: -11>, <Action.NNE: 25>, <Action.NNE: 25>, <Action.SSE: -27>, <Action.NNE: 25>, <Action.NNE: 25>, <Action.NNE: 25>, <Action.WNW: 15>, <Action.NNW: 27>, <Action.SSW: -25>, <Action.WSW: -11>, <Action.WNW: 15>, <Action.WNW: 15>, <Action.NNE: 25>, <Action.SSW: -25>, <Action.SSE: -27>, <Action.ENE: 11>, <Action.WNW: 15>, <Action.ENE: 11>, <Action.ENE: 11>, <Action.SSE: -27>, <Action.ENE: 11>, <Action.NNE: 25>, <Action.ENE: 11>, <Action.ESE: -15>, <Action.ESE: -15>, <Action.ESE: -15>, <Action.SSE: -27>, <Action.WSW: -11>, <Action.WNW: 15>, <Action.SSW: -25>, <Action.SSE: -27>, <Action.SSW: -25>, <Action.SSW: -25>, <Action.WSW: -11>, <Action.ENE: 11>, <Action.WNW: 15>, <Action.SSW: -25>, <Action.WSW: -11>, <Action.WSW: -11>]
Winner: Agent(agent_class=<class 'my_custom_player.CustomPlayer'>, name='Custom Agent')
Loser: Agent(agent_class=<class 'sample_players.MinimaxPlayer'>, name='Minimax Agent')

ERROR:sample_players:[Errno 2] No such file or directory: 'data.pickle'
INFO:isolation:Initial game state: Isolation(board=41523161203939122082683632224299007, ply_count=0, locs=(None, None))
First agent: Agent(agent_class=<class 'my_custom_player.CustomPlayer'>, name='Custom Agent')
Second agent: Agent(agent_class=<class 'sample_players.MinimaxPlayer'>, name='Minimax Agent')

INFO:isolation:Status: Status.GAME_OVER
Final State: Isolation(board=27040265014791274079317262591942959, ply_count=68, locs=(91, 88))
History: [92, 41, <Action.SSE: -27>, <Action.NNE: 25>, <Action.SSW: -25>, <Action.SSE: -27>, <Action.SSW: -25>, <Action.WSW: -11>, <Action.WSW: -11>, <Action.WSW: -11>, <Action.NNE: 25>, <Action.NNE: 25>, <Action.NNE: 25>, <Action.NNE: 25>, <Action.WSW: -11>, <Action.WSW: -11>, <Action.SSW: -25>, <Action.SSW: -25>, <Action.WSW: -11>, <Action.WSW: -11>, <Action.NNE: 25>, <Action.NNE: 25>, <Action.WNW: 15>, <Action.NNE: 25>, <Action.NNE: 25>, <Action.NNE: 25>, <Action.NNE: 25>, <Action.WSW: -11>, <Action.ESE: -15>, <Action.SSE: -27>, <Action.WSW: -11>, <Action.WSW: -11>, <Action.WSW: -11>, <Action.SSE: -27>, <Action.NNE: 25>, <Action.NNE: 25>, <Action.SSE: -27>, <Action.NNE: 25>, <Action.SSW: -25>, <Action.NNE: 25>, <Action.SSE: -27>, <Action.ENE: 11>, <Action.WNW: 15>, <Action.SSE: -27>, <Action.WSW: -11>, <Action.SSW: -25>, <Action.NNE: 25>, <Action.WNW: 15>, <Action.NNW: 27>, <Action.WNW: 15>, <Action.ENE: 11>, <Action.NNW: 27>, <Action.NNE: 25>, <Action.WSW: -11>, <Action.WNW: 15>, <Action.SSW: -25>, <Action.SSE: -27>, <Action.ESE: -15>, <Action.NNE: 25>, <Action.SSW: -25>, <Action.ESE: -15>, <Action.SSW: -25>, <Action.ENE: 11>, <Action.NNW: 27>, <Action.SSE: -27>, <Action.NNE: 25>, <Action.ENE: 11>, <Action.NNW: 27>]
Winner: Agent(agent_class=<class 'my_custom_player.CustomPlayer'>, name='Custom Agent')
Loser: Agent(agent_class=<class 'sample_players.MinimaxPlayer'>, name='Minimax Agent')

ERROR:sample_players:[Errno 2] No such file or directory: 'data.pickle'
INFO:isolation:Initial game state: Isolation(board=41523161203939122082683632224299007, ply_count=0, locs=(None, None))
First agent: Agent(agent_class=<class 'sample_players.MinimaxPlayer'>, name='Minimax Agent')
Second agent: Agent(agent_class=<class 'my_custom_player.CustomPlayer'>, name='Custom Agent')

INFO:isolation:Status: Status.GAME_OVER
Final State: Isolation(board=33896346010205681196769566127179291, ply_count=73, locs=(46, 21))
History: [58, 48, <Action.NNE: 25>, <Action.NNE: 25>, <Action.NNE: 25>, <Action.NNE: 25>, <Action.ESE: -15>, <Action.SSE: -27>, <Action.ESE: -15>, <Action.NNE: 25>, <Action.SSW: -25>, <Action.ENE: 11>, <Action.NNW: 27>, <Action.ESE: -15>, <Action.ESE: -15>, <Action.SSW: -25>, <Action.SSW: -25>, <Action.WSW: -11>, <Action.SSW: -25>, <Action.ESE: -15>, <Action.WNW: 15>, <Action.SSW: -25>, <Action.NNE: 25>, <Action.WSW: -11>, <Action.WSW: -11>, <Action.NNW: 27>, <Action.SSW: -25>, <Action.NNE: 25>, <Action.WSW: -11>, <Action.WNW: 15>, <Action.NNE: 25>, <Action.NNE: 25>, <Action.NNW: 27>, <Action.ESE: -15>, <Action.ESE: -15>, <Action.NNW: 27>, <Action.NNE: 25>, <Action.ESE: -15>, <Action.ENE: 11>, <Action.ESE: -15>, <Action.SSE: -27>, <Action.WSW: -11>, <Action.ESE: -15>, <Action.SSW: -25>, <Action.WSW: -11>, <Action.SSW: -25>, <Action.ESE: -15>, <Action.WSW: -11>, <Action.WSW: -11>, <Action.NNW: 27>, <Action.NNE: 25>, <Action.WNW: 15>, <Action.WNW: 15>, <Action.NNE: 25>, <Action.NNW: 27>, <Action.ESE: -15>, <Action.WNW: 15>, <Action.NNW: 27>, <Action.ENE: 11>, <Action.SSW: -25>, <Action.WNW: 15>, <Action.SSW: -25>, <Action.SSW: -25>, <Action.ENE: 11>, <Action.NNW: 27>, <Action.SSE: -27>, <Action.SSW: -25>, <Action.ENE: 11>, <Action.SSW: -25>, <Action.SSW: -25>, <Action.SSE: -27>, <Action.WNW: 15>, <Action.ENE: 11>]
Winner: Agent(agent_class=<class 'my_custom_player.CustomPlayer'>, name='Custom Agent')
Loser: Agent(agent_class=<class 'sample_players.MinimaxPlayer'>, name='Minimax Agent')

ERROR:sample_players:[Errno 2] No such file or directory: 'data.pickle'
INFO:isolation:Initial game state: Isolation(board=41523161203939122082683632224299007, ply_count=0, locs=(None, None))
First agent: Agent(agent_class=<class 'my_custom_player.CustomPlayer'>, name='Custom Agent')
Second agent: Agent(agent_class=<class 'sample_players.MinimaxPlayer'>, name='Minimax Agent')

INFO:isolation:Status: Status.INVALID_MOVE
Final State: Isolation(board=36391107311071869953887931236951026, ply_count=57, locs=(78, 107))
History: [10, 104, <Action.NNE: 25>, <Action.SSW: -25>, <Action.NNE: 25>, <Action.SSE: -27>, <Action.NNE: 25>, <Action.SSW: -25>, <Action.NNE: 25>, <Action.SSE: -27>, <Action.ESE: -15>, <Action.WNW: 15>, <Action.ENE: 11>, <Action.NNE: 25>, <Action.SSW: -25>, <Action.WSW: -11>, <Action.SSE: -27>, <Action.SSE: -27>, <Action.ESE: -15>, <Action.WNW: 15>, <Action.SSW: -25>, <Action.NNE: 25>, <Action.WSW: -11>, <Action.WSW: -11>, <Action.NNE: 25>, <Action.NNE: 25>, <Action.NNW: 27>, <Action.WSW: -11>, <Action.WSW: -11>, <Action.NNE: 25>, <Action.WNW: 15>, <Action.SSE: -27>, <Action.NNE: 25>, <Action.NNE: 25>, <Action.NNE: 25>, <Action.WNW: 15>, <Action.WSW: -11>, <Action.SSW: -25>, <Action.SSE: -27>, <Action.SSW: -25>, <Action.SSW: -25>, <Action.WSW: -11>, <Action.ENE: 11>, <Action.NNW: 27>, <Action.SSW: -25>, <Action.ESE: -15>, <Action.WNW: 15>, <Action.NNW: 27>, <Action.NNE: 25>, <Action.NNE: 25>, <Action.NNE: 25>, <Action.NNE: 25>, <Action.ENE: 11>, <Action.ESE: -15>, <Action.ESE: -15>, <Action.ENE: 11>, <Action.ESE: -15>]
Winner: Agent(agent_class=<class 'sample_players.MinimaxPlayer'>, name='Minimax Agent')
Loser: Agent(agent_class=<class 'my_custom_player.CustomPlayer'>, name='Custom Agent')

ERROR:sample_players:[Errno 2] No such file or directory: 'data.pickle'
INFO:isolation:Initial game state: Isolation(board=41523161203939122082683632224299007, ply_count=0, locs=(None, None))
First agent: Agent(agent_class=<class 'sample_players.MinimaxPlayer'>, name='Minimax Agent')
Second agent: Agent(agent_class=<class 'my_custom_player.CustomPlayer'>, name='Custom Agent')

INFO:isolation:Status: Status.INVALID_MOVE
Final State: Isolation(board=39413171561357852964808111493244799, ply_count=52, locs=(84, 61))
History: [67, 110, <Action.NNE: 25>, <Action.ESE: -15>, <Action.SSE: -27>, <Action.ESE: -15>, <Action.WSW: -11>, <Action.SSE: -27>, <Action.SSE: -27>, <Action.SSE: -27>, <Action.WSW: -11>, <Action.WSW: -11>, <Action.NNE: 25>, <Action.WNW: 15>, <Action.WNW: 15>, <Action.NNE: 25>, <Action.SSW: -25>, <Action.WSW: -11>, <Action.ENE: 11>, <Action.SSE: -27>, <Action.WNW: 15>, <Action.WNW: 15>, <Action.WSW: -11>, <Action.SSW: -25>, <Action.NNE: 25>, <Action.ENE: 11>, <Action.NNE: 25>, <Action.NNE: 25>, <Action.ENE: 11>, <Action.WNW: 15>, <Action.SSW: -25>, <Action.NNE: 25>, <Action.WNW: 15>, <Action.WSW: -11>, <Action.SSE: -27>, <Action.SSE: -27>, <Action.WSW: -11>, <Action.SSW: -25>, <Action.WSW: -11>, <Action.WNW: 15>, <Action.NNE: 25>, <Action.NNE: 25>, <Action.NNE: 25>, <Action.NNE: 25>, <Action.ENE: 11>, <Action.WSW: -11>, <Action.ESE: -15>, <Action.SSW: -25>, <Action.SSW: -25>, <Action.ESE: -15>, <Action.WNW: 15>, <Action.NNW: 27>]
Winner: Agent(agent_class=<class 'sample_players.MinimaxPlayer'>, name='Minimax Agent')
Loser: Agent(agent_class=<class 'my_custom_player.CustomPlayer'>, name='Custom Agent')

ERROR:sample_players:[Errno 2] No such file or directory: 'data.pickle'
INFO:isolation:Initial game state: Isolation(board=41523161203939122082683632224299007, ply_count=0, locs=(None, None))
First agent: Agent(agent_class=<class 'my_custom_player.CustomPlayer'>, name='Custom Agent')
Second agent: Agent(agent_class=<class 'sample_players.MinimaxPlayer'>, name='Minimax Agent')

INFO:isolation:Status: Status.GAME_OVER
Final State: Isolation(board=35070544758681724230742643368314529, ply_count=62, locs=(108, 1))
History: [32, 101, <Action.NNW: 27>, <Action.ENE: 11>, <Action.NNE: 25>, <Action.ESE: -15>, <Action.NNE: 25>, <Action.ESE: -15>, <Action.ESE: -15>, <Action.NNE: 25>, <Action.ESE: -15>, <Action.ESE: -15>, <Action.SSE: -27>, <Action.SSW: -25>, <Action.SSW: -25>, <Action.SSE: -27>, <Action.WSW: -11>, <Action.SSE: -27>, <Action.NNE: 25>, <Action.WSW: -11>, <Action.NNE: 25>, <Action.WNW: 15>, <Action.WSW: -11>, <Action.WSW: -11>, <Action.SSW: -25>, <Action.NNE: 25>, <Action.SSE: -27>, <Action.NNE: 25>, <Action.WNW: 15>, <Action.WSW: -11>, <Action.NNE: 25>, <Action.NNE: 25>, <Action.NNE: 25>, <Action.WNW: 15>, <Action.WSW: -11>, <Action.SSE: -27>, <Action.WNW: 15>, <Action.ENE: 11>, <Action.WSW: -11>, <Action.SSW: -25>, <Action.ESE: -15>, <Action.WSW: -11>, <Action.NNE: 25>, <Action.SSW: -25>, <Action.NNE: 25>, <Action.ENE: 11>, <Action.ESE: -15>, <Action.ESE: -15>, <Action.NNE: 25>, <Action.NNE: 25>, <Action.ESE: -15>, <Action.NNE: 25>, <Action.WSW: -11>, <Action.ESE: -15>, <Action.NNE: 25>, <Action.WSW: -11>, <Action.SSE: -27>, <Action.NNE: 25>, <Action.WNW: 15>, <Action.SSE: -27>, <Action.WNW: 15>, <Action.SSW: -25>]
Winner: Agent(agent_class=<class 'my_custom_player.CustomPlayer'>, name='Custom Agent')
Loser: Agent(agent_class=<class 'sample_players.MinimaxPlayer'>, name='Minimax Agent')

ERROR:sample_players:[Errno 2] No such file or directory: 'data.pickle'
INFO:isolation:Initial game state: Isolation(board=41523161203939122082683632224299007, ply_count=0, locs=(None, None))
First agent: Agent(agent_class=<class 'sample_players.MinimaxPlayer'>, name='Minimax Agent')
Second agent: Agent(agent_class=<class 'my_custom_player.CustomPlayer'>, name='Custom Agent')

INFO:isolation:Status: Status.GAME_OVER
Final State: Isolation(board=40609828734183713741795468578480158, ply_count=73, locs=(36, 61))
History: [104, 44, <Action.SSW: -25>, <Action.NNE: 25>, <Action.SSE: -27>, <Action.NNE: 25>, <Action.WSW: -11>, <Action.SSE: -27>, <Action.NNE: 25>, <Action.SSW: -25>, <Action.SSE: -27>, <Action.SSW: -25>, <Action.WSW: -11>, <Action.WNW: 15>, <Action.WNW: 15>, <Action.NNE: 25>, <Action.SSW: -25>, <Action.WSW: -11>, <Action.WSW: -11>, <Action.NNE: 25>, <Action.WNW: 15>, <Action.NNE: 25>, <Action.NNE: 25>, <Action.ESE: -15>, <Action.NNE: 25>, <Action.NNE: 25>, <Action.NNE: 25>, <Action.WSW: -11>, <Action.SSE: -27>, <Action.SSE: -27>, <Action.SSW: -25>, <Action.WNW: 15>, <Action.ENE: 11>, <Action.SSW: -25>, <Action.SSE: -27>, <Action.SSE: -27>, <Action.ENE: 11>, <Action.SSW: -25>, <Action.NNE: 25>, <Action.WNW: 15>, <Action.WSW: -11>, <Action.WSW: -11>, <Action.SSE: -27>, <Action.NNE: 25>, <Action.SSE: -27>, <Action.SSE: -27>, <Action.WNW: 15>, <Action.ENE: 11>, <Action.ENE: 11>, <Action.WNW: 15>, <Action.NNW: 27>, <Action.NNE: 25>, <Action.NNE: 25>, <Action.NNE: 25>, <Action.WNW: 15>, <Action.NNE: 25>, <Action.WSW: -11>, <Action.WSW: -11>, <Action.NNE: 25>, <Action.SSW: -25>, <Action.SSE: -27>, <Action.SSW: -25>, <Action.SSW: -25>, <Action.ESE: -15>, <Action.SSW: -25>, <Action.NNW: 27>, <Action.SSW: -25>, <Action.WNW: 15>, <Action.WNW: 15>, <Action.ENE: 11>, <Action.WSW: -11>, <Action.SSW: -25>, <Action.NNW: 27>]
Winner: Agent(agent_class=<class 'my_custom_player.CustomPlayer'>, name='Custom Agent')
Loser: Agent(agent_class=<class 'sample_players.MinimaxPlayer'>, name='Minimax Agent')

ERROR:sample_players:[Errno 2] No such file or directory: 'data.pickle'
INFO:isolation:Initial game state: Isolation(board=41523161203939122082683632224299007, ply_count=0, locs=(None, None))
First agent: Agent(agent_class=<class 'my_custom_player.CustomPlayer'>, name='Custom Agent')
Second agent: Agent(agent_class=<class 'sample_players.MinimaxPlayer'>, name='Minimax Agent')

INFO:isolation:Status: Status.INVALID_MOVE
Final State: Isolation(board=40630286970601549925000744549533083, ply_count=51, locs=(57, 78))
History: [82, 70, <Action.NNE: 25>, <Action.NNE: 25>, <Action.SSE: -27>, <Action.ENE: 11>, <Action.ESE: -15>, <Action.ESE: -15>, <Action.SSW: -25>, <Action.SSW: -25>, <Action.SSE: -27>, <Action.SSW: -25>, <Action.WSW: -11>, <Action.SSW: -25>, <Action.NNE: 25>, <Action.WSW: -11>, <Action.WNW: 15>, <Action.NNE: 25>, <Action.SSW: -25>, <Action.WNW: 15>, <Action.WSW: -11>, <Action.ENE: 11>, <Action.NNE: 25>, <Action.SSE: -27>, <Action.WSW: -11>, <Action.WNW: 15>, <Action.WSW: -11>, <Action.WNW: 15>, <Action.NNW: 27>, <Action.NNE: 25>, <Action.NNE: 25>, <Action.NNE: 25>, <Action.ENE: 11>, <Action.WSW: -11>, <Action.ENE: 11>, <Action.SSE: -27>, <Action.SSW: -25>, <Action.NNE: 25>, <Action.NNW: 27>, <Action.ESE: -15>, <Action.SSW: -25>, <Action.SSE: -27>, <Action.SSE: -27>, <Action.WSW: -11>, <Action.WNW: 15>, <Action.NNE: 25>, <Action.NNE: 25>, <Action.NNE: 25>, <Action.SSE: -27>, <Action.ESE: -15>, <Action.ENE: 11>]
Winner: Agent(agent_class=<class 'sample_players.MinimaxPlayer'>, name='Minimax Agent')
Loser: Agent(agent_class=<class 'my_custom_player.CustomPlayer'>, name='Custom Agent')

ERROR:sample_players:[Errno 2] No such file or directory: 'data.pickle'
INFO:isolation:Initial game state: Isolation(board=41523161203939122082683632224299007, ply_count=0, locs=(None, None))
First agent: Agent(agent_class=<class 'sample_players.MinimaxPlayer'>, name='Minimax Agent')
Second agent: Agent(agent_class=<class 'my_custom_player.CustomPlayer'>, name='Custom Agent')

INFO:isolation:Status: Status.GAME_OVER
Final State: Isolation(board=33934177457777839040142058868885467, ply_count=64, locs=(87, 105))
History: [34, 16, <Action.NNE: 25>, <Action.NNE: 25>, <Action.NNE: 25>, <Action.NNE: 25>, <Action.NNE: 25>, <Action.WSW: -11>, <Action.ESE: -15>, <Action.ESE: -15>, <Action.SSW: -25>, <Action.NNE: 25>, <Action.ESE: -15>, <Action.WNW: 15>, <Action.SSW: -25>, <Action.SSE: -27>, <Action.WSW: -11>, <Action.WSW: -11>, <Action.WNW: 15>, <Action.WSW: -11>, <Action.NNE: 25>, <Action.NNE: 25>, <Action.NNE: 25>, <Action.WSW: -11>, <Action.NNE: 25>, <Action.NNE: 25>, <Action.ESE: -15>, <Action.NNW: 27>, <Action.SSW: -25>, <Action.ESE: -15>, <Action.WSW: -11>, <Action.WSW: -11>, <Action.SSE: -27>, <Action.SSW: -25>, <Action.SSW: -25>, <Action.SSW: -25>, <Action.WNW: 15>, <Action.ENE: 11>, <Action.NNW: 27>, <Action.ENE: 11>, <Action.NNE: 25>, <Action.ESE: -15>, <Action.WSW: -11>, <Action.ESE: -15>, <Action.NNE: 25>, <Action.WSW: -11>, <Action.WSW: -11>, <Action.NNE: 25>, <Action.ESE: -15>, <Action.NNE: 25>, <Action.NNE: 25>, <Action.NNW: 27>, <Action.NNE: 25>, <Action.NNW: 27>, <Action.WSW: -11>, <Action.SSW: -25>, <Action.SSW: -25>, <Action.ENE: 11>, <Action.NNW: 27>, <Action.SSW: -25>, <Action.ENE: 11>, <Action.ENE: 11>, <Action.SSW: -25>, <Action.NNW: 27>]
Winner: Agent(agent_class=<class 'my_custom_player.CustomPlayer'>, name='Custom Agent')
Loser: Agent(agent_class=<class 'sample_players.MinimaxPlayer'>, name='Minimax Agent')

ERROR:sample_players:[Errno 2] No such file or directory: 'data.pickle'
INFO:isolation:Initial game state: Isolation(board=41523161203939122082683632224299007, ply_count=0, locs=(None, None))
First agent: Agent(agent_class=<class 'my_custom_player.CustomPlayer'>, name='Custom Agent')
Second agent: Agent(agent_class=<class 'sample_players.MinimaxPlayer'>, name='Minimax Agent')

INFO:isolation:Status: Status.INVALID_MOVE
Final State: Isolation(board=37952885033942572761588091439859015, ply_count=63, locs=(9, 74))
History: [52, 4, <Action.SSW: -25>, <Action.NNE: 25>, <Action.WSW: -11>, <Action.NNE: 25>, <Action.NNE: 25>, <Action.WSW: -11>, <Action.NNE: 25>, <Action.NNE: 25>, <Action.NNE: 25>, <Action.NNE: 25>, <Action.WSW: -11>, <Action.WSW: -11>, <Action.WSW: -11>, <Action.SSW: -25>, <Action.SSW: -25>, <Action.SSE: -27>, <Action.SSW: -25>, <Action.NNE: 25>, <Action.NNW: 27>, <Action.WNW: 15>, <Action.NNE: 25>, <Action.WNW: 15>, <Action.WSW: -11>, <Action.ENE: 11>, <Action.ESE: -15>, <Action.WNW: 15>, <Action.SSW: -25>, <Action.SSE: -27>, <Action.ESE: -15>, <Action.NNE: 25>, <Action.NNW: 27>, <Action.WSW: -11>, <Action.ESE: -15>, <Action.SSW: -25>, <Action.NNE: 25>, <Action.ESE: -15>, <Action.ENE: 11>, <Action.NNE: 25>, <Action.NNE: 25>, <Action.NNE: 25>, <Action.WSW: -11>, <Action.WSW: -11>, <Action.NNE: 25>, <Action.SSW: -25>, <Action.SSE: -27>, <Action.WSW: -11>, <Action.SSW: -25>, <Action.NNE: 25>, <Action.SSE: -27>, <Action.SSE: -27>, <Action.WNW: 15>, <Action.WSW: -11>, <Action.SSW: -25>, <Action.ESE: -15>, <Action.WNW: 15>, <Action.WSW: -11>, <Action.WSW: -11>, <Action.NNE: 25>, <Action.NNW: 27>, <Action.NNW: 27>, <Action.SSW: -25>]
Winner: Agent(agent_class=<class 'sample_players.MinimaxPlayer'>, name='Minimax Agent')
Loser: Agent(agent_class=<class 'my_custom_player.CustomPlayer'>, name='Custom Agent')

ERROR:sample_players:[Errno 2] No such file or directory: 'data.pickle'
INFO:isolation:Initial game state: Isolation(board=41523161203939122082683632224299007, ply_count=0, locs=(None, None))
First agent: Agent(agent_class=<class 'sample_players.MinimaxPlayer'>, name='Minimax Agent')
Second agent: Agent(agent_class=<class 'my_custom_player.CustomPlayer'>, name='Custom Agent')

INFO:isolation:Status: Status.INVALID_MOVE
Final State: Isolation(board=39250929386021249251913532176385883, ply_count=52, locs=(57, 30))
History: [60, 41, <Action.NNE: 25>, <Action.NNE: 25>, <Action.NNE: 25>, <Action.NNE: 25>, <Action.ESE: -15>, <Action.WSW: -11>, <Action.SSE: -27>, <Action.ESE: -15>, <Action.WNW: 15>, <Action.SSW: -25>, <Action.NNE: 25>, <Action.SSE: -27>, <Action.SSE: -27>, <Action.WSW: -11>, <Action.ENE: 11>, <Action.NNE: 25>, <Action.SSW: -25>, <Action.WSW: -11>, <Action.SSW: -25>, <Action.WSW: -11>, <Action.SSW: -25>, <Action.WNW: 15>, <Action.NNW: 27>, <Action.NNE: 25>, <Action.NNE: 25>, <Action.NNE: 25>, <Action.NNW: 27>, <Action.WSW: -11>, <Action.SSW: -25>, <Action.NNE: 25>, <Action.SSW: -25>, <Action.NNE: 25>, <Action.ESE: -15>, <Action.WSW: -11>, <Action.NNW: 27>, <Action.WSW: -11>, <Action.ESE: -15>, <Action.ESE: -15>, <Action.ENE: 11>, <Action.NNE: 25>, <Action.SSW: -25>, <Action.WSW: -11>, <Action.WSW: -11>, <Action.SSW: -25>, <Action.WSW: -11>, <Action.SSE: -27>, <Action.NNE: 25>, <Action.ESE: -15>, <Action.NNE: 25>, <Action.ENE: 11>]
Winner: Agent(agent_class=<class 'sample_players.MinimaxPlayer'>, name='Minimax Agent')
Loser: Agent(agent_class=<class 'my_custom_player.CustomPlayer'>, name='Custom Agent')

ERROR:sample_players:[Errno 2] No such file or directory: 'data.pickle'
INFO:isolation:Initial game state: Isolation(board=41523161203939122082683632224299007, ply_count=0, locs=(None, None))
First agent: Agent(agent_class=<class 'my_custom_player.CustomPlayer'>, name='Custom Agent')
Second agent: Agent(agent_class=<class 'sample_players.MinimaxPlayer'>, name='Minimax Agent')

INFO:isolation:Status: Status.GAME_OVER
Final State: Isolation(board=35192548460369199186021215210062859, ply_count=67, locs=(97, 7))
History: [98, 53, <Action.ENE: 11>, <Action.WSW: -11>, <Action.SSE: -27>, <Action.ESE: -15>, <Action.ESE: -15>, <Action.NNE: 25>, <Action.WSW: -11>, <Action.WSW: -11>, <Action.WSW: -11>, <Action.SSW: -25>, <Action.NNE: 25>, <Action.WSW: -11>, <Action.SSE: -27>, <Action.NNW: 27>, <Action.WNW: 15>, <Action.NNE: 25>, <Action.ENE: 11>, <Action.WSW: -11>, <Action.ESE: -15>, <Action.NNE: 25>, <Action.ENE: 11>, <Action.SSE: -27>, <Action.SSW: -25>, <Action.ENE: 11>, <Action.SSE: -27>, <Action.NNE: 25>, <Action.WSW: -11>, <Action.WNW: 15>, <Action.WNW: 15>, <Action.WSW: -11>, <Action.WSW: -11>, <Action.SSW: -25>, <Action.NNW: 27>, <Action.WNW: 15>, <Action.SSW: -25>, <Action.NNE: 25>, <Action.ENE: 11>, <Action.SSE: -27>, <Action.ENE: 11>, <Action.ENE: 11>, <Action.ESE: -15>, <Action.NNE: 25>, <Action.WSW: -11>, <Action.SSE: -27>, <Action.NNW: 27>, <Action.ENE: 11>, <Action.WSW: -11>, <Action.WNW: 15>, <Action.WSW: -11>, <Action.WSW: -11>, <Action.NNE: 25>, <Action.WSW: -11>, <Action.NNW: 27>, <Action.WNW: 15>, <Action.NNE: 25>, <Action.SSE: -27>, <Action.WSW: -11>, <Action.WSW: -11>, <Action.ESE: -15>, <Action.ESE: -15>, <Action.NNW: 27>, <Action.SSW: -25>, <Action.NNE: 25>, <Action.ESE: -15>, <Action.ESE: -15>]
Winner: Agent(agent_class=<class 'my_custom_player.CustomPlayer'>, name='Custom Agent')
Loser: Agent(agent_class=<class 'sample_players.MinimaxPlayer'>, name='Minimax Agent')

INFO:isolation:Status: Status.GAME_OVER
Final State: Isolation(board=37182569413863029904257057203185403, ply_count=60, locs=(2, 81))
History: [67, 16, <Action.NNE: 25>, <Action.NNE: 25>, <Action.SSE: -27>, <Action.NNE: 25>, <Action.WSW: -11>, <Action.SSE: -27>, <Action.SSW: -25>, <Action.WSW: -11>, <Action.WSW: -11>, <Action.WSW: -11>, <Action.NNE: 25>, <Action.NNE: 25>, <Action.NNE: 25>, <Action.WSW: -11>, <Action.WSW: -11>, <Action.NNE: 25>, <Action.SSW: -25>, <Action.WSW: -11>, <Action.WNW: 15>, <Action.NNE: 25>, <Action.NNE: 25>, <Action.WSW: -11>, <Action.ENE: 11>, <Action.NNE: 25>, <Action.NNE: 25>, <Action.ENE: 11>, <Action.ESE: -15>, <Action.WNW: 15>, <Action.WSW: -11>, <Action.SSW: -25>, <Action.SSE: -27>, <Action.SSE: -27>, <Action.WSW: -11>, <Action.SSW: -25>, <Action.NNW: 27>, <Action.SSW: -25>, <Action.SSW: -25>, <Action.ENE: 11>, <Action.WNW: 15>, <Action.ENE: 11>, <Action.NNE: 25>, <Action.ESE: -15>, <Action.NNE: 25>, <Action.ENE: 11>, <Action.ESE: -15>, <Action.NNW: 27>, <Action.SSE: -27>, <Action.NNE: 25>, <Action.NNE: 25>, <Action.NNW: 27>, <Action.ESE: -15>, <Action.SSW: -25>, <Action.SSE: -27>, <Action.ENE: 11>, <Action.SSW: -25>, <Action.WNW: 15>, <Action.SSW: -25>, <Action.SSW: -25>]
Winner: Agent(agent_class=<class 'my_custom_player.CustomPlayer'>, name='Custom Agent')
Loser: Agent(agent_class=<class 'sample_players.MinimaxPlayer'>, name='Minimax Agent')

INFO:isolation:Status: Status.GAME_OVER
Final State: Isolation(board=17222657581489076171492241119904818, ply_count=81, locs=(13, 109))
History: [31, 18, <Action.NNE: 25>, <Action.NNE: 25>, <Action.ENE: 11>, <Action.WSW: -11>, <Action.SSE: -27>, <Action.NNE: 25>, <Action.NNE: 25>, <Action.ESE: -15>, <Action.WSW: -11>, <Action.NNW: 27>, <Action.ESE: -15>, <Action.SSW: -25>, <Action.SSW: -25>, <Action.WSW: -11>, <Action.WSW: -11>, <Action.SSW: -25>, <Action.NNE: 25>, <Action.NNW: 27>, <Action.NNW: 27>, <Action.NNE: 25>, <Action.WNW: 15>, <Action.NNE: 25>, <Action.WSW: -11>, <Action.SSE: -27>, <Action.NNE: 25>, <Action.NNE: 25>, <Action.NNW: 27>, <Action.WSW: -11>, <Action.WSW: -11>, <Action.NNE: 25>, <Action.SSE: -27>, <Action.WSW: -11>, <Action.SSE: -27>, <Action.ESE: -15>, <Action.SSE: -27>, <Action.NNE: 25>, <Action.ENE: 11>, <Action.ENE: 11>, <Action.WNW: 15>, <Action.ESE: -15>, <Action.SSW: -25>, <Action.WSW: -11>, <Action.WSW: -11>, <Action.NNE: 25>, <Action.NNW: 27>, <Action.ESE: -15>, <Action.NNE: 25>, <Action.WSW: -11>, <Action.NNW: 27>, <Action.NNE: 25>, <Action.ENE: 11>, <Action.WSW: -11>, <Action.WNW: 15>, <Action.ESE: -15>, <Action.SSE: -27>, <Action.SSE: -27>, <Action.SSW: -25>, <Action.WSW: -11>, <Action.ESE: -15>, <Action.SSW: -25>, <Action.SSW: -25>, <Action.ENE: 11>, <Action.ESE: -15>, <Action.SSE: -27>, <Action.NNW: 27>, <Action.WNW: 15>, <Action.WSW: -11>, <Action.ENE: 11>, <Action.NNE: 25>, <Action.NNW: 27>, <Action.SSE: -27>, <Action.NNE: 25>, <Action.ESE: -15>, <Action.WNW: 15>, <Action.ENE: 11>, <Action.WSW: -11>, <Action.ESE: -15>, <Action.NNW: 27>, <Action.ENE: 11>]
Winner: Agent(agent_class=<class 'my_custom_player.CustomPlayer'>, name='Custom Agent')
Loser: Agent(agent_class=<class 'sample_players.MinimaxPlayer'>, name='Minimax Agent')

INFO:isolation:Status: Status.GAME_OVER
Final State: Isolation(board=31217173584797655075488393979758243, ply_count=74, locs=(108, 46))
History: [106, 34, <Action.ESE: -15>, <Action.NNE: 25>, <Action.SSW: -25>, <Action.NNE: 25>, <Action.SSW: -25>, <Action.NNE: 25>, <Action.WNW: 15>, <Action.ESE: -15>, <Action.SSW: -25>, <Action.ESE: -15>, <Action.ESE: -15>, <Action.SSW: -25>, <Action.NNW: 27>, <Action.ENE: 11>, <Action.NNW: 27>, <Action.SSW: -25>, <Action.ESE: -15>, <Action.SSW: -25>, <Action.SSW: -25>, <Action.NNW: 27>, <Action.NNW: 27>, <Action.ENE: 11>, <Action.WNW: 15>, <Action.NNE: 25>, <Action.ENE: 11>, <Action.WSW: -11>, <Action.WNW: 15>, <Action.WNW: 15>, <Action.SSE: -27>, <Action.WNW: 15>, <Action.NNE: 25>, <Action.WNW: 15>, <Action.SSE: -27>, <Action.SSE: -27>, <Action.SSW: -25>, <Action.SSE: -27>, <Action.SSE: -27>, <Action.SSW: -25>, <Action.WSW: -11>, <Action.SSW: -25>, <Action.WNW: 15>, <Action.NNW: 27>, <Action.WNW: 15>, <Action.NNW: 27>, <Action.NNE: 25>, <Action.NNE: 25>, <Action.NNE: 25>, <Action.SSE: -27>, <Action.NNE: 25>, <Action.ESE: -15>, <Action.WSW: -11>, <Action.SSE: -27>, <Action.SSE: -27>, <Action.ESE: -15>, <Action.WNW: 15>, <Action.ENE: 11>, <Action.ENE: 11>, <Action.NNE: 25>, <Action.ENE: 11>, <Action.WSW: -11>, <Action.ESE: -15>, <Action.ESE: -15>, <Action.ESE: -15>, <Action.WSW: -11>, <Action.NNW: 27>, <Action.NNW: 27>, <Action.ESE: -15>, <Action.SSW: -25>, <Action.WSW: -11>, <Action.WNW: 15>, <Action.NNW: 27>, <Action.NNW: 27>]
Winner: Agent(agent_class=<class 'my_custom_player.CustomPlayer'>, name='Custom Agent')
Loser: Agent(agent_class=<class 'sample_players.MinimaxPlayer'>, name='Minimax Agent')

ERROR:sample_players:[Errno 2] No such file or directory: 'data.pickle'
ERROR:sample_players:[Errno 2] No such file or directory: 'data.pickle'
ERROR:sample_players:[Errno 2] No such file or directory: 'data.pickle'
ERROR:sample_players:[Errno 2] No such file or directory: 'data.pickle'
INFO:isolation:Initial game state: Isolation(board=41523161203939122082683632224299007, ply_count=0, locs=(None, None))
First agent: Agent(agent_class=<class 'my_custom_player.CustomPlayer'>, name='Custom Agent')
Second agent: Agent(agent_class=<class 'sample_players.MinimaxPlayer'>, name='Minimax Agent')

INFO:isolation:Initial game state: Isolation(board=41523161203939122082683632224299007, ply_count=0, locs=(None, None))
First agent: Agent(agent_class=<class 'sample_players.MinimaxPlayer'>, name='Minimax Agent')
Second agent: Agent(agent_class=<class 'my_custom_player.CustomPlayer'>, name='Custom Agent')

INFO:isolation:Initial game state: Isolation(board=41523161203939122082683632224299007, ply_count=0, locs=(None, None))
First agent: Agent(agent_class=<class 'sample_players.MinimaxPlayer'>, name='Minimax Agent')
Second agent: Agent(agent_class=<class 'my_custom_player.CustomPlayer'>, name='Custom Agent')

INFO:isolation:Initial game state: Isolation(board=41523161203939122082683632224299007, ply_count=0, locs=(None, None))
First agent: Agent(agent_class=<class 'my_custom_player.CustomPlayer'>, name='Custom Agent')
Second agent: Agent(agent_class=<class 'sample_players.MinimaxPlayer'>, name='Minimax Agent')

INFO:isolation:Status: Status.GAME_OVER
Final State: Isolation(board=40852890910668853623600717647340812, ply_count=59, locs=(5, 17))
History: [104, 99, <Action.SSW: -25>, <Action.SSE: -27>, <Action.SSE: -27>, <Action.ESE: -15>, <Action.WSW: -11>, <Action.NNE: 25>, <Action.NNE: 25>, <Action.SSE: -27>, <Action.SSE: -27>, <Action.WSW: -11>, <Action.WSW: -11>, <Action.NNE: 25>, <Action.WNW: 15>, <Action.WSW: -11>, <Action.ENE: 11>, <Action.NNE: 25>, <Action.NNW: 27>, <Action.SSE: -27>, <Action.WSW: -11>, <Action.SSW: -25>, <Action.SSW: -25>, <Action.WNW: 15>, <Action.ESE: -15>, <Action.SSW: -25>, <Action.WSW: -11>, <Action.NNW: 27>, <Action.ESE: -15>, <Action.NNE: 25>, <Action.NNE: 25>, <Action.NNE: 25>, <Action.ENE: 11>, <Action.ENE: 11>, <Action.NNE: 25>, <Action.SSW: -25>, <Action.WNW: 15>, <Action.SSW: -25>, <Action.SSE: -27>, <Action.SSE: -27>, <Action.NNE: 25>, <Action.WNW: 15>, <Action.WSW: -11>, <Action.SSE: -27>, <Action.SSW: -25>, <Action.WSW: -11>, <Action.ESE: -15>, <Action.NNE: 25>, <Action.SSE: -27>, <Action.SSE: -27>, <Action.WNW: 15>, <Action.ENE: 11>, <Action.ENE: 11>, <Action.WNW: 15>, <Action.SSW: -25>, <Action.SSE: -27>, <Action.WNW: 15>, <Action.ENE: 11>, <Action.WSW: -11>]
Winner: Agent(agent_class=<class 'my_custom_player.CustomPlayer'>, name='Custom Agent')
Loser: Agent(agent_class=<class 'sample_players.MinimaxPlayer'>, name='Minimax Agent')

ERROR:sample_players:[Errno 2] No such file or directory: 'data.pickle'
INFO:isolation:Initial game state: Isolation(board=41523161203939122082683632224299007, ply_count=0, locs=(None, None))
First agent: Agent(agent_class=<class 'my_custom_player.CustomPlayer'>, name='Custom Agent')
Second agent: Agent(agent_class=<class 'sample_players.MinimaxPlayer'>, name='Minimax Agent')

INFO:isolation:Status: Status.GAME_OVER
Final State: Isolation(board=38318245745895596253178789044955084, ply_count=60, locs=(4, 106))
History: [111, 17, <Action.ESE: -15>, <Action.NNE: 25>, <Action.ENE: 11>, <Action.NNE: 25>, <Action.ESE: -15>, <Action.WSW: -11>, <Action.SSE: -27>, <Action.NNE: 25>, <Action.SSW: -25>, <Action.WSW: -11>, <Action.WSW: -11>, <Action.ESE: -15>, <Action.WSW: -11>, <Action.WSW: -11>, <Action.NNE: 25>, <Action.SSW: -25>, <Action.WNW: 15>, <Action.ENE: 11>, <Action.NNE: 25>, <Action.WNW: 15>, <Action.WSW: -11>, <Action.SSW: -25>, <Action.ESE: -15>, <Action.WNW: 15>, <Action.WSW: -11>, <Action.NNW: 27>, <Action.NNE: 25>, <Action.ENE: 11>, <Action.WNW: 15>, <Action.ENE: 11>, <Action.ENE: 11>, <Action.SSW: -25>, <Action.ENE: 11>, <Action.SSE: -27>, <Action.ESE: -15>, <Action.SSE: -27>, <Action.ESE: -15>, <Action.ENE: 11>, <Action.NNW: 27>, <Action.ESE: -15>, <Action.SSW: -25>, <Action.NNE: 25>, <Action.WNW: 15>, <Action.NNW: 27>, <Action.SSE: -27>, <Action.SSW: -25>, <Action.ENE: 11>, <Action.ENE: 11>, <Action.SSW: -25>, <Action.SSW: -25>, <Action.SSE: -27>, <Action.NNW: 27>, <Action.SSE: -27>, <Action.NNE: 25>, <Action.WNW: 15>, <Action.NNE: 25>, <Action.WSW: -11>, <Action.WNW: 15>]
Winner: Agent(agent_class=<class 'my_custom_player.CustomPlayer'>, name='Custom Agent')
Loser: Agent(agent_class=<class 'sample_players.MinimaxPlayer'>, name='Minimax Agent')

ERROR:sample_players:[Errno 2] No such file or directory: 'data.pickle'
INFO:isolation:Initial game state: Isolation(board=41523161203939122082683632224299007, ply_count=0, locs=(None, None))
First agent: Agent(agent_class=<class 'sample_players.MinimaxPlayer'>, name='Minimax Agent')
Second agent: Agent(agent_class=<class 'my_custom_player.CustomPlayer'>, name='Custom Agent')

INFO:isolation:Status: Status.GAME_OVER
Final State: Isolation(board=32597318620408981272505828240271337, ply_count=67, locs=(1, 14))
History: [62, 22, <Action.NNE: 25>, <Action.NNE: 25>, <Action.NNE: 25>, <Action.NNE: 25>, <Action.ESE: -15>, <Action.ENE: 11>, <Action.ENE: 11>, <Action.ENE: 11>, <Action.SSE: -27>, <Action.ESE: -15>, <Action.ESE: -15>, <Action.SSE: -27>, <Action.NNE: 25>, <Action.SSW: -25>, <Action.WSW: -11>, <Action.WSW: -11>, <Action.SSE: -27>, <Action.NNE: 25>, <Action.SSW: -25>, <Action.WSW: -11>, <Action.WSW: -11>, <Action.NNE: 25>, <Action.ESE: -15>, <Action.WSW: -11>, <Action.NNW: 27>, <Action.SSW: -25>, <Action.SSW: -25>, <Action.WNW: 15>, <Action.NNW: 27>, <Action.NNE: 25>, <Action.NNE: 25>, <Action.ENE: 11>, <Action.WSW: -11>, <Action.NNE: 25>, <Action.SSE: -27>, <Action.WSW: -11>, <Action.WNW: 15>, <Action.NNE: 25>, <Action.NNE: 25>, <Action.SSE: -27>, <Action.WNW: 15>, <Action.WSW: -11>, <Action.SSE: -27>, <Action.WNW: 15>, <Action.ENE: 11>, <Action.WSW: -11>, <Action.SSW: -25>, <Action.NNE: 25>, <Action.ENE: 11>, <Action.ENE: 11>, <Action.NNE: 25>, <Action.ESE: -15>, <Action.NNE: 25>, <Action.ENE: 11>, <Action.ESE: -15>, <Action.ESE: -15>, <Action.WSW: -11>, <Action.SSE: -27>, <Action.SSE: -27>, <Action.WSW: -11>, <Action.SSW: -25>, <Action.ESE: -15>, <Action.ENE: 11>, <Action.SSW: -25>, <Action.SSW: -25>]
Winner: Agent(agent_class=<class 'my_custom_player.CustomPlayer'>, name='Custom Agent')
Loser: Agent(agent_class=<class 'sample_players.MinimaxPlayer'>, name='Minimax Agent')

ERROR:sample_players:[Errno 2] No such file or directory: 'data.pickle'
INFO:isolation:Initial game state: Isolation(board=41523161203939122082683632224299007, ply_count=0, locs=(None, None))
First agent: Agent(agent_class=<class 'sample_players.MinimaxPlayer'>, name='Minimax Agent')
Second agent: Agent(agent_class=<class 'my_custom_player.CustomPlayer'>, name='Custom Agent')

INFO:isolation:Status: Status.GAME_OVER
Final State: Isolation(board=2778700019522861480359236701791495, ply_count=80, locs=(7, 88))
History: [106, 81, <Action.ESE: -15>, <Action.ENE: 11>, <Action.SSW: -25>, <Action.SSW: -25>, <Action.SSE: -27>, <Action.SSE: -27>, <Action.SSW: -25>, <Action.SSW: -25>, <Action.WSW: -11>, <Action.WSW: -11>, <Action.NNE: 25>, <Action.NNE: 25>, <Action.NNE: 25>, <Action.NNE: 25>, <Action.WSW: -11>, <Action.WSW: -11>, <Action.SSW: -25>, <Action.NNE: 25>, <Action.WSW: -11>, <Action.WSW: -11>, <Action.NNE: 25>, <Action.NNE: 25>, <Action.NNE: 25>, <Action.WSW: -11>, <Action.WSW: -11>, <Action.NNE: 25>, <Action.NNE: 25>, <Action.SSE: -27>, <Action.WSW: -11>, <Action.WSW: -11>, <Action.WNW: 15>, <Action.WSW: -11>, <Action.ENE: 11>, <Action.WNW: 15>, <Action.WNW: 15>, <Action.ENE: 11>, <Action.SSW: -25>, <Action.SSE: -27>, <Action.ESE: -15>, <Action.SSE: -27>, <Action.SSE: -27>, <Action.WNW: 15>, <Action.ENE: 11>, <Action.NNW: 27>, <Action.ENE: 11>, <Action.ENE: 11>, <Action.NNE: 25>, <Action.NNE: 25>, <Action.NNE: 25>, <Action.ENE: 11>, <Action.WSW: -11>, <Action.SSW: -25>, <Action.ESE: -15>, <Action.NNW: 27>, <Action.SSE: -27>, <Action.ESE: -15>, <Action.SSW: -25>, <Action.WSW: -11>, <Action.WSW: -11>, <Action.NNE: 25>, <Action.NNE: 25>, <Action.WSW: -11>, <Action.WSW: -11>, <Action.WNW: 15>, <Action.SSW: -25>, <Action.SSE: -27>, <Action.WNW: 15>, <Action.WNW: 15>, <Action.WSW: -11>, <Action.ENE: 11>, <Action.NNW: 27>, <Action.SSW: -25>, <Action.ESE: -15>, <Action.NNW: 27>, <Action.ENE: 11>, <Action.ESE: -15>, <Action.SSW: -25>, <Action.WSW: -11>]
Winner: Agent(agent_class=<class 'my_custom_player.CustomPlayer'>, name='Custom Agent')
Loser: Agent(agent_class=<class 'sample_players.MinimaxPlayer'>, name='Minimax Agent')

ERROR:sample_players:[Errno 2] No such file or directory: 'data.pickle'
INFO:isolation:Initial game state: Isolation(board=41523161203939122082683632224299007, ply_count=0, locs=(None, None))
First agent: Agent(agent_class=<class 'my_custom_player.CustomPlayer'>, name='Custom Agent')
Second agent: Agent(agent_class=<class 'sample_players.MinimaxPlayer'>, name='Minimax Agent')

INFO:isolation:Status: Status.INVALID_MOVE
Final State: Isolation(board=25945666204403272510953140637476839, ply_count=60, locs=(31, 36))
History: [78, 53, <Action.WSW: -11>, <Action.SSE: -27>, <Action.SSE: -27>, <Action.WSW: -11>, <Action.NNE: 25>, <Action.WSW: -11>, <Action.WSW: -11>, <Action.NNE: 25>, <Action.NNE: 25>, <Action.WSW: -11>, <Action.WSW: -11>, <Action.NNE: 25>, <Action.NNE: 25>, <Action.WSW: -11>, <Action.WSW: -11>, <Action.NNE: 25>, <Action.WSW: -11>, <Action.WSW: -11>, <Action.NNE: 25>, <Action.SSE: -27>, <Action.ESE: -15>, <Action.NNE: 25>, <Action.SSW: -25>, <Action.NNE: 25>, <Action.ESE: -15>, <Action.WSW: -11>, <Action.WSW: -11>, <Action.NNE: 25>, <Action.WNW: 15>, <Action.WSW: -11>, <Action.NNE: 25>, <Action.NNE: 25>, <Action.WSW: -11>, <Action.WNW: 15>, <Action.NNE: 25>, <Action.SSE: -27>, <Action.ENE: 11>, <Action.SSW: -25>, <Action.ESE: -15>, <Action.SSE: -27>, <Action.SSW: -25>, <Action.WSW: -11>, <Action.ENE: 11>, <Action.NNE: 25>, <Action.SSE: -27>, <Action.WNW: 15>, <Action.SSW: -25>, <Action.NNE: 25>, <Action.WSW: -11>, <Action.ENE: 11>, <Action.NNE: 25>, <Action.WNW: 15>, <Action.WSW: -11>, <Action.SSE: -27>, <Action.NNE: 25>, <Action.SSW: -25>, <Action.WSW: -11>, <Action.SSW: -25>]
Winner: Agent(agent_class=<class 'sample_players.MinimaxPlayer'>, name='Minimax Agent')
Loser: Agent(agent_class=<class 'my_custom_player.CustomPlayer'>, name='Custom Agent')

ERROR:sample_players:[Errno 2] No such file or directory: 'data.pickle'
INFO:isolation:Initial game state: Isolation(board=41523161203939122082683632224299007, ply_count=0, locs=(None, None))
First agent: Agent(agent_class=<class 'my_custom_player.CustomPlayer'>, name='Custom Agent')
Second agent: Agent(agent_class=<class 'sample_players.MinimaxPlayer'>, name='Minimax Agent')

INFO:isolation:Status: Status.GAME_OVER
Final State: Isolation(board=40141907193968811818255098952443422, ply_count=59, locs=(7, 86))
History: [0, 28, <Action.WNW: 15>, <Action.NNE: 25>, <Action.NNE: 25>, <Action.WSW: -11>, <Action.NNE: 25>, <Action.NNE: 25>, <Action.WSW: -11>, <Action.WSW: -11>, <Action.SSW: -25>, <Action.NNE: 25>, <Action.WSW: -11>, <Action.NNE: 25>, <Action.NNE: 25>, <Action.WSW: -11>, <Action.WSW: -11>, <Action.SSW: -25>, <Action.NNE: 25>, <Action.SSW: -25>, <Action.WSW: -11>, <Action.WSW: -11>, <Action.NNE: 25>, <Action.NNE: 25>, <Action.NNE: 25>, <Action.WNW: 15>, <Action.SSE: -27>, <Action.NNE: 25>, <Action.NNE: 25>, <Action.ENE: 11>, <Action.WSW: -11>, <Action.SSW: -25>, <Action.ESE: -15>, <Action.SSW: -25>, <Action.NNE: 25>, <Action.WNW: 15>, <Action.SSE: -27>, <Action.NNE: 25>, <Action.SSW: -25>, <Action.SSE: -27>, <Action.SSW: -25>, <Action.ESE: -15>, <Action.WSW: -11>, <Action.WSW: -11>, <Action.NNE: 25>, <Action.SSE: -27>, <Action.NNE: 25>, <Action.ENE: 11>, <Action.WSW: -11>, <Action.SSW: -25>, <Action.SSW: -25>, <Action.WNW: 15>, <Action.WSW: -11>, <Action.WNW: 15>, <Action.NNE: 25>, <Action.NNE: 25>, <Action.WSW: -11>, <Action.NNE: 25>, <Action.ESE: -15>]
Winner: Agent(agent_class=<class 'my_custom_player.CustomPlayer'>, name='Custom Agent')
Loser: Agent(agent_class=<class 'sample_players.MinimaxPlayer'>, name='Minimax Agent')

ERROR:sample_players:[Errno 2] No such file or directory: 'data.pickle'
INFO:isolation:Initial game state: Isolation(board=41523161203939122082683632224299007, ply_count=0, locs=(None, None))
First agent: Agent(agent_class=<class 'sample_players.MinimaxPlayer'>, name='Minimax Agent')
Second agent: Agent(agent_class=<class 'my_custom_player.CustomPlayer'>, name='Custom Agent')

INFO:isolation:Status: Status.GAME_OVER
Final State: Isolation(board=23896501275909994831935253701035219, ply_count=69, locs=(113, 91))
History: [5, 92, <Action.NNE: 25>, <Action.SSE: -27>, <Action.NNE: 25>, <Action.SSW: -25>, <Action.WSW: -11>, <Action.SSE: -27>, <Action.SSE: -27>, <Action.WNW: 15>, <Action.WNW: 15>, <Action.NNE: 25>, <Action.NNE: 25>, <Action.WNW: 15>, <Action.ESE: -15>, <Action.WNW: 15>, <Action.WSW: -11>, <Action.SSW: -25>, <Action.NNE: 25>, <Action.ENE: 11>, <Action.WSW: -11>, <Action.NNW: 27>, <Action.NNE: 25>, <Action.SSW: -25>, <Action.WSW: -11>, <Action.SSW: -25>, <Action.NNE: 25>, <Action.WNW: 15>, <Action.NNE: 25>, <Action.NNE: 25>, <Action.SSE: -27>, <Action.ENE: 11>, <Action.ENE: 11>, <Action.SSW: -25>, <Action.ENE: 11>, <Action.SSW: -25>, <Action.SSW: -25>, <Action.SSE: -27>, <Action.SSE: -27>, <Action.WSW: -11>, <Action.SSW: -25>, <Action.NNE: 25>, <Action.SSW: -25>, <Action.ESE: -15>, <Action.NNW: 27>, <Action.WSW: -11>, <Action.NNE: 25>, <Action.WNW: 15>, <Action.ESE: -15>, <Action.NNE: 25>, <Action.SSW: -25>, <Action.NNE: 25>, <Action.WSW: -11>, <Action.NNE: 25>, <Action.WNW: 15>, <Action.WSW: -11>, <Action.WNW: 15>, <Action.NNE: 25>, <Action.NNW: 27>, <Action.SSE: -27>, <Action.WSW: -11>, <Action.NNE: 25>, <Action.NNE: 25>, <Action.ESE: -15>, <Action.NNE: 25>, <Action.ENE: 11>, <Action.WSW: -11>, <Action.ESE: -15>, <Action.NNE: 25>]
Winner: Agent(agent_class=<class 'my_custom_player.CustomPlayer'>, name='Custom Agent')
Loser: Agent(agent_class=<class 'sample_players.MinimaxPlayer'>, name='Minimax Agent')

ERROR:sample_players:[Errno 2] No such file or directory: 'data.pickle'
INFO:isolation:Initial game state: Isolation(board=41523161203939122082683632224299007, ply_count=0, locs=(None, None))
First agent: Agent(agent_class=<class 'my_custom_player.CustomPlayer'>, name='Custom Agent')
Second agent: Agent(agent_class=<class 'sample_players.MinimaxPlayer'>, name='Minimax Agent')

INFO:isolation:Status: Status.GAME_OVER
Final State: Isolation(board=37140011515055629998605447358063733, ply_count=62, locs=(14, 49))
History: [40, 29, <Action.SSW: -25>, <Action.NNE: 25>, <Action.ENE: 11>, <Action.NNE: 25>, <Action.SSW: -25>, <Action.WSW: -11>, <Action.WNW: 15>, <Action.NNE: 25>, <Action.NNE: 25>, <Action.WSW: -11>, <Action.WSW: -11>, <Action.NNE: 25>, <Action.NNE: 25>, <Action.WSW: -11>, <Action.SSE: -27>, <Action.SSE: -27>, <Action.WSW: -11>, <Action.SSW: -25>, <Action.NNE: 25>, <Action.SSW: -25>, <Action.WSW: -11>, <Action.NNW: 27>, <Action.NNE: 25>, <Action.NNE: 25>, <Action.WSW: -11>, <Action.WSW: -11>, <Action.NNE: 25>, <Action.WNW: 15>, <Action.WSW: -11>, <Action.NNE: 25>, <Action.SSE: -27>, <Action.ENE: 11>, <Action.NNE: 25>, <Action.SSE: -27>, <Action.WNW: 15>, <Action.WSW: -11>, <Action.NNW: 27>, <Action.ESE: -15>, <Action.ENE: 11>, <Action.NNE: 25>, <Action.SSW: -25>, <Action.NNE: 25>, <Action.WSW: -11>, <Action.WSW: -11>, <Action.SSE: -27>, <Action.WSW: -11>, <Action.SSE: -27>, <Action.SSW: -25>, <Action.WNW: 15>, <Action.SSW: -25>, <Action.SSE: -27>, <Action.SSE: -27>, <Action.NNE: 25>, <Action.NNE: 25>, <Action.ESE: -15>, <Action.SSE: -27>, <Action.ESE: -15>, <Action.WNW: 15>, <Action.ENE: 11>, <Action.NNW: 27>]
Winner: Agent(agent_class=<class 'my_custom_player.CustomPlayer'>, name='Custom Agent')
Loser: Agent(agent_class=<class 'sample_players.MinimaxPlayer'>, name='Minimax Agent')

ERROR:sample_players:[Errno 2] No such file or directory: 'data.pickle'
INFO:isolation:Initial game state: Isolation(board=41523161203939122082683632224299007, ply_count=0, locs=(None, None))
First agent: Agent(agent_class=<class 'sample_players.MinimaxPlayer'>, name='Minimax Agent')
Second agent: Agent(agent_class=<class 'my_custom_player.CustomPlayer'>, name='Custom Agent')

INFO:isolation:Status: Status.GAME_OVER
Final State: Isolation(board=23835666427084930030015779449783609, ply_count=66, locs=(26, 98))
History: [46, 20, <Action.NNE: 25>, <Action.NNE: 25>, <Action.NNE: 25>, <Action.NNE: 25>, <Action.ENE: 11>, <Action.NNE: 25>, <Action.ESE: -15>, <Action.SSE: -27>, <Action.SSE: -27>, <Action.SSW: -25>, <Action.SSW: -25>, <Action.SSW: -25>, <Action.WSW: -11>, <Action.WNW: 15>, <Action.NNE: 25>, <Action.NNE: 25>, <Action.SSE: -27>, <Action.ENE: 11>, <Action.SSW: -25>, <Action.SSW: -25>, <Action.ENE: 11>, <Action.ENE: 11>, <Action.WNW: 15>, <Action.ENE: 11>, <Action.NNE: 25>, <Action.SSW: -25>, <Action.WSW: -11>, <Action.WNW: 15>, <Action.WNW: 15>, <Action.NNW: 27>, <Action.NNE: 25>, <Action.WSW: -11>, <Action.NNW: 27>, <Action.NNE: 25>, <Action.SSW: -25>, <Action.WSW: -11>, <Action.WSW: -11>, <Action.SSE: -27>, <Action.SSW: -25>, <Action.SSE: -27>, <Action.NNW: 27>, <Action.SSW: -25>, <Action.ESE: -15>, <Action.WNW: 15>, <Action.WSW: -11>, <Action.NNE: 25>, <Action.ESE: -15>, <Action.WNW: 15>, <Action.SSW: -25>, <Action.NNE: 25>, <Action.NNW: 27>, <Action.NNE: 25>, <Action.ESE: -15>, <Action.SSE: -27>, <Action.ESE: -15>, <Action.NNE: 25>, <Action.NNE: 25>, <Action.WSW: -11>, <Action.ESE: -15>, <Action.WSW: -11>, <Action.ESE: -15>, <Action.NNE: 25>, <Action.NNE: 25>, <Action.ESE: -15>]
Winner: Agent(agent_class=<class 'my_custom_player.CustomPlayer'>, name='Custom Agent')
Loser: Agent(agent_class=<class 'sample_players.MinimaxPlayer'>, name='Minimax Agent')

ERROR:sample_players:[Errno 2] No such file or directory: 'data.pickle'
INFO:isolation:Initial game state: Isolation(board=41523161203939122082683632224299007, ply_count=0, locs=(None, None))
First agent: Agent(agent_class=<class 'my_custom_player.CustomPlayer'>, name='Custom Agent')
Second agent: Agent(agent_class=<class 'sample_players.MinimaxPlayer'>, name='Minimax Agent')

INFO:isolation:Status: Status.GAME_OVER
Final State: Isolation(board=18197124678179094519063977090615091, ply_count=77, locs=(78, 106))
History: [82, 73, <Action.NNE: 25>, <Action.NNE: 25>, <Action.ESE: -15>, <Action.ENE: 11>, <Action.SSE: -27>, <Action.ESE: -15>, <Action.WSW: -11>, <Action.ESE: -15>, <Action.WSW: -11>, <Action.SSE: -27>, <Action.SSE: -27>, <Action.WNW: 15>, <Action.NNE: 25>, <Action.WSW: -11>, <Action.WSW: -11>, <Action.WSW: -11>, <Action.NNE: 25>, <Action.NNE: 25>, <Action.WSW: -11>, <Action.WSW: -11>, <Action.NNW: 27>, <Action.NNE: 25>, <Action.NNE: 25>, <Action.ESE: -15>, <Action.WSW: -11>, <Action.WSW: -11>, <Action.SSW: -25>, <Action.NNE: 25>, <Action.SSW: -25>, <Action.ESE: -15>, <Action.ESE: -15>, <Action.NNE: 25>, <Action.ENE: 11>, <Action.WNW: 15>, <Action.SSW: -25>, <Action.WSW: -11>, <Action.ENE: 11>, <Action.WSW: -11>, <Action.WNW: 15>, <Action.WSW: -11>, <Action.SSW: -25>, <Action.SSE: -27>, <Action.ENE: 11>, <Action.SSE: -27>, <Action.ESE: -15>, <Action.NNE: 25>, <Action.NNE: 25>, <Action.ENE: 11>, <Action.NNE: 25>, <Action.WNW: 15>, <Action.SSE: -27>, <Action.WSW: -11>, <Action.WSW: -11>, <Action.SSE: -27>, <Action.NNE: 25>, <Action.WNW: 15>, <Action.SSE: -27>, <Action.NNE: 25>, <Action.WSW: -11>, <Action.SSE: -27>, <Action.NNW: 27>, <Action.WNW: 15>, <Action.ESE: -15>, <Action.NNE: 25>, <Action.NNE: 25>, <Action.NNW: 27>, <Action.NNW: 27>, <Action.ESE: -15>, <Action.NNE: 25>, <Action.ENE: 11>, <Action.WSW: -11>, <Action.ESE: -15>, <Action.NNE: 25>, <Action.ENE: 11>, <Action.SSE: -27>]
Winner: Agent(agent_class=<class 'my_custom_player.CustomPlayer'>, name='Custom Agent')
Loser: Agent(agent_class=<class 'sample_players.MinimaxPlayer'>, name='Minimax Agent')

ERROR:sample_players:[Errno 2] No such file or directory: 'data.pickle'
INFO:isolation:Initial game state: Isolation(board=41523161203939122082683632224299007, ply_count=0, locs=(None, None))
First agent: Agent(agent_class=<class 'my_custom_player.CustomPlayer'>, name='Custom Agent')
Second agent: Agent(agent_class=<class 'sample_players.MinimaxPlayer'>, name='Minimax Agent')

INFO:isolation:Status: Status.GAME_OVER
Final State: Isolation(board=37993420178271172372224380961604669, ply_count=66, locs=(109, 106))
History: [111, 54, <Action.ESE: -15>, <Action.NNE: 25>, <Action.ENE: 11>, <Action.SSE: -27>, <Action.ESE: -15>, <Action.WNW: 15>, <Action.WSW: -11>, <Action.SSE: -27>, <Action.SSW: -25>, <Action.SSE: -27>, <Action.WSW: -11>, <Action.WNW: 15>, <Action.NNE: 25>, <Action.WSW: -11>, <Action.NNE: 25>, <Action.NNE: 25>, <Action.WSW: -11>, <Action.WSW: -11>, <Action.ESE: -15>, <Action.SSW: -25>, <Action.WSW: -11>, <Action.WNW: 15>, <Action.NNE: 25>, <Action.ENE: 11>, <Action.WSW: -11>, <Action.NNE: 25>, <Action.NNE: 25>, <Action.NNE: 25>, <Action.WSW: -11>, <Action.WSW: -11>, <Action.SSE: -27>, <Action.SSE: -27>, <Action.SSW: -25>, <Action.SSW: -25>, <Action.SSE: -27>, <Action.ENE: 11>, <Action.WNW: 15>, <Action.NNE: 25>, <Action.NNE: 25>, <Action.ENE: 11>, <Action.SSE: -27>, <Action.SSW: -25>, <Action.WSW: -11>, <Action.ESE: -15>, <Action.NNW: 27>, <Action.SSW: -25>, <Action.NNE: 25>, <Action.WNW: 15>, <Action.ESE: -15>, <Action.NNW: 27>, <Action.WSW: -11>, <Action.NNE: 25>, <Action.SSE: -27>, <Action.ESE: -15>, <Action.NNE: 25>, <Action.NNE: 25>, <Action.WNW: 15>, <Action.NNW: 27>, <Action.NNE: 25>, <Action.SSW: -25>, <Action.NNE: 25>, <Action.ENE: 11>, <Action.ENE: 11>, <Action.WNW: 15>]
Winner: Agent(agent_class=<class 'my_custom_player.CustomPlayer'>, name='Custom Agent')
Loser: Agent(agent_class=<class 'sample_players.MinimaxPlayer'>, name='Minimax Agent')

ERROR:sample_players:[Errno 2] No such file or directory: 'data.pickle'
INFO:isolation:Initial game state: Isolation(board=41523161203939122082683632224299007, ply_count=0, locs=(None, None))
First agent: Agent(agent_class=<class 'sample_players.MinimaxPlayer'>, name='Minimax Agent')
Second agent: Agent(agent_class=<class 'my_custom_player.CustomPlayer'>, name='Custom Agent')

INFO:isolation:Status: Status.GAME_OVER
Final State: Isolation(board=35191885004334660924581817640034567, ply_count=73, locs=(5, 33))
History: [61, 10, <Action.ESE: -15>, <Action.NNE: 25>, <Action.NNE: 25>, <Action.NNE: 25>, <Action.NNE: 25>, <Action.NNE: 25>, <Action.ENE: 11>, <Action.ESE: -15>, <Action.ESE: -15>, <Action.NNE: 25>, <Action.SSE: -27>, <Action.ESE: -15>, <Action.SSW: -25>, <Action.SSE: -27>, <Action.SSW: -25>, <Action.WNW: 15>, <Action.WSW: -11>, <Action.SSW: -25>, <Action.NNE: 25>, <Action.SSW: -25>, <Action.WNW: 15>, <Action.WSW: -11>, <Action.WNW: 15>, <Action.NNE: 25>, <Action.NNE: 25>, <Action.NNE: 25>, <Action.NNE: 25>, <Action.NNE: 25>, <Action.ESE: -15>, <Action.ENE: 11>, <Action.SSE: -27>, <Action.SSE: -27>, <Action.ESE: -15>, <Action.SSW: -25>, <Action.SSW: -25>, <Action.SSW: -25>, <Action.WNW: 15>, <Action.WNW: 15>, <Action.SSW: -25>, <Action.NNE: 25>, <Action.WSW: -11>, <Action.NNW: 27>, <Action.WNW: 15>, <Action.NNE: 25>, <Action.WNW: 15>, <Action.WSW: -11>, <Action.SSE: -27>, <Action.SSW: -25>, <Action.ENE: 11>, <Action.SSE: -27>, <Action.NNW: 27>, <Action.WSW: -11>, <Action.ENE: 11>, <Action.WNW: 15>, <Action.ENE: 11>, <Action.NNE: 25>, <Action.ESE: -15>, <Action.NNW: 27>, <Action.ESE: -15>, <Action.ENE: 11>, <Action.SSW: -25>, <Action.SSW: -25>, <Action.WSW: -11>, <Action.ENE: 11>, <Action.NNE: 25>, <Action.SSW: -25>, <Action.NNW: 27>, <Action.SSW: -25>, <Action.SSW: -25>, <Action.ESE: -15>, <Action.SSW: -25>]
Winner: Agent(agent_class=<class 'my_custom_player.CustomPlayer'>, name='Custom Agent')
Loser: Agent(agent_class=<class 'sample_players.MinimaxPlayer'>, name='Minimax Agent')

ERROR:sample_players:[Errno 2] No such file or directory: 'data.pickle'
INFO:isolation:Initial game state: Isolation(board=41523161203939122082683632224299007, ply_count=0, locs=(None, None))
First agent: Agent(agent_class=<class 'sample_players.MinimaxPlayer'>, name='Minimax Agent')
Second agent: Agent(agent_class=<class 'my_custom_player.CustomPlayer'>, name='Custom Agent')

INFO:isolation:Status: Status.INVALID_MOVE
Final State: Isolation(board=39899684469683949604129356638119507, ply_count=56, locs=(62, 61))
History: [29, 56, <Action.NNE: 25>, <Action.NNE: 25>, <Action.NNE: 25>, <Action.ESE: -15>, <Action.SSE: -27>, <Action.NNE: 25>, <Action.SSW: -25>, <Action.WSW: -11>, <Action.SSW: -25>, <Action.SSE: -27>, <Action.WNW: 15>, <Action.WSW: -11>, <Action.ENE: 11>, <Action.NNE: 25>, <Action.SSW: -25>, <Action.WNW: 15>, <Action.WNW: 15>, <Action.SSW: -25>, <Action.NNE: 25>, <Action.SSW: -25>, <Action.WNW: 15>, <Action.SSW: -25>, <Action.ENE: 11>, <Action.NNW: 27>, <Action.SSW: -25>, <Action.NNE: 25>, <Action.NNW: 27>, <Action.NNE: 25>, <Action.NNE: 25>, <Action.WNW: 15>, <Action.WSW: -11>, <Action.ENE: 11>, <Action.SSW: -25>, <Action.SSE: -27>, <Action.SSE: -27>, <Action.WSW: -11>, <Action.WNW: 15>, <Action.NNE: 25>, <Action.SSW: -25>, <Action.ENE: 11>, <Action.ESE: -15>, <Action.ESE: -15>, <Action.ENE: 11>, <Action.SSW: -25>, <Action.ENE: 11>, <Action.SSE: -27>, <Action.SSW: -25>, <Action.SSW: -25>, <Action.WNW: 15>, <Action.WNW: 15>, <Action.WNW: 15>, <Action.WNW: 15>, <Action.NNW: 27>, <Action.WNW: 15>]
Winner: Agent(agent_class=<class 'sample_players.MinimaxPlayer'>, name='Minimax Agent')
Loser: Agent(agent_class=<class 'my_custom_player.CustomPlayer'>, name='Custom Agent')

ERROR:sample_players:[Errno 2] No such file or directory: 'data.pickle'
INFO:isolation:Initial game state: Isolation(board=41523161203939122082683632224299007, ply_count=0, locs=(None, None))
First agent: Agent(agent_class=<class 'my_custom_player.CustomPlayer'>, name='Custom Agent')
Second agent: Agent(agent_class=<class 'sample_players.MinimaxPlayer'>, name='Minimax Agent')

INFO:isolation:Status: Status.GAME_OVER
Final State: Isolation(board=36450661701265146776781418676658773, ply_count=74, locs=(100, 8))
History: [30, 68, <Action.NNE: 25>, <Action.ENE: 11>, <Action.ESE: -15>, <Action.SSW: -25>, <Action.WSW: -11>, <Action.SSE: -27>, <Action.NNW: 27>, <Action.WSW: -11>, <Action.SSW: -25>, <Action.WSW: -11>, <Action.ENE: 11>, <Action.WNW: 15>, <Action.SSW: -25>, <Action.NNE: 25>, <Action.WNW: 15>, <Action.NNE: 25>, <Action.NNW: 27>, <Action.NNE: 25>, <Action.NNE: 25>, <Action.WNW: 15>, <Action.ESE: -15>, <Action.SSE: -27>, <Action.SSW: -25>, <Action.SSW: -25>, <Action.SSW: -25>, <Action.SSW: -25>, <Action.NNW: 27>, <Action.NNW: 27>, <Action.NNE: 25>, <Action.NNW: 27>, <Action.WNW: 15>, <Action.ESE: -15>, <Action.NNE: 25>, <Action.NNE: 25>, <Action.ESE: -15>, <Action.ENE: 11>, <Action.ENE: 11>, <Action.ESE: -15>, <Action.SSW: -25>, <Action.ESE: -15>, <Action.ESE: -15>, <Action.SSW: -25>, <Action.NNE: 25>, <Action.SSE: -27>, <Action.SSE: -27>, <Action.SSW: -25>, <Action.WNW: 15>, <Action.NNW: 27>, <Action.NNE: 25>, <Action.ENE: 11>, <Action.WSW: -11>, <Action.SSW: -25>, <Action.WNW: 15>, <Action.WSW: -11>, <Action.WSW: -11>, <Action.WNW: 15>, <Action.SSW: -25>, <Action.WSW: -11>, <Action.WNW: 15>, <Action.WNW: 15>, <Action.SSE: -27>, <Action.NNE: 25>, <Action.SSE: -27>, <Action.WSW: -11>, <Action.WSW: -11>, <Action.ESE: -15>, <Action.NNE: 25>, <Action.WSW: -11>, <Action.NNW: 27>, <Action.NNE: 25>, <Action.NNE: 25>, <Action.SSE: -27>]
Winner: Agent(agent_class=<class 'my_custom_player.CustomPlayer'>, name='Custom Agent')
Loser: Agent(agent_class=<class 'sample_players.MinimaxPlayer'>, name='Minimax Agent')

ERROR:sample_players:[Errno 2] No such file or directory: 'data.pickle'
INFO:isolation:Initial game state: Isolation(board=41523161203939122082683632224299007, ply_count=0, locs=(None, None))
First agent: Agent(agent_class=<class 'my_custom_player.CustomPlayer'>, name='Custom Agent')
Second agent: Agent(agent_class=<class 'sample_players.MinimaxPlayer'>, name='Minimax Agent')

INFO:isolation:Status: Status.GAME_OVER
Final State: Isolation(board=37322193885462827575557097877284735, ply_count=64, locs=(111, 86))
History: [52, 31, <Action.SSW: -25>, <Action.NNE: 25>, <Action.WSW: -11>, <Action.ENE: 11>, <Action.NNE: 25>, <Action.WNW: 15>, <Action.WSW: -11>, <Action.NNE: 25>, <Action.NNE: 25>, <Action.WSW: -11>, <Action.WSW: -11>, <Action.SSE: -27>, <Action.WNW: 15>, <Action.WSW: -11>, <Action.NNE: 25>, <Action.NNE: 25>, <Action.SSE: -27>, <Action.WSW: -11>, <Action.SSW: -25>, <Action.NNE: 25>, <Action.ENE: 11>, <Action.SSE: -27>, <Action.NNE: 25>, <Action.ENE: 11>, <Action.ESE: -15>, <Action.ESE: -15>, <Action.SSE: -27>, <Action.SSE: -27>, <Action.WSW: -11>, <Action.SSW: -25>, <Action.NNE: 25>, <Action.WNW: 15>, <Action.NNE: 25>, <Action.WSW: -11>, <Action.WSW: -11>, <Action.WSW: -11>, <Action.NNE: 25>, <Action.WNW: 15>, <Action.NNE: 25>, <Action.NNE: 25>, <Action.WSW: -11>, <Action.NNW: 27>, <Action.ESE: -15>, <Action.NNE: 25>, <Action.NNW: 27>, <Action.WSW: -11>, <Action.SSW: -25>, <Action.ESE: -15>, <Action.ENE: 11>, <Action.NNE: 25>, <Action.WNW: 15>, <Action.SSE: -27>, <Action.WSW: -11>, <Action.SSW: -25>, <Action.WNW: 15>, <Action.WSW: -11>, <Action.SSW: -25>, <Action.NNE: 25>, <Action.WNW: 15>, <Action.WNW: 15>, <Action.ENE: 11>, <Action.ENE: 11>]
Winner: Agent(agent_class=<class 'my_custom_player.CustomPlayer'>, name='Custom Agent')
Loser: Agent(agent_class=<class 'sample_players.MinimaxPlayer'>, name='Minimax Agent')

ERROR:sample_players:[Errno 2] No such file or directory: 'data.pickle'
INFO:isolation:Initial game state: Isolation(board=41523161203939122082683632224299007, ply_count=0, locs=(None, None))
First agent: Agent(agent_class=<class 'sample_players.MinimaxPlayer'>, name='Minimax Agent')
Second agent: Agent(agent_class=<class 'my_custom_player.CustomPlayer'>, name='Custom Agent')

INFO:isolation:Status: Status.GAME_OVER
Final State: Isolation(board=40833059092480194977321492678805251, ply_count=61, locs=(3, 59))
History: [23, 80, <Action.NNE: 25>, <Action.NNE: 25>, <Action.NNE: 25>, <Action.SSE: -27>, <Action.NNE: 25>, <Action.SSW: -25>, <Action.ENE: 11>, <Action.WSW: -11>, <Action.ESE: -15>, <Action.NNE: 25>, <Action.WSW: -11>, <Action.NNE: 25>, <Action.SSE: -27>, <Action.SSE: -27>, <Action.NNE: 25>, <Action.SSW: -25>, <Action.SSE: -27>, <Action.WNW: 15>, <Action.WSW: -11>, <Action.ENE: 11>, <Action.NNE: 25>, <Action.SSW: -25>, <Action.WSW: -11>, <Action.WSW: -11>, <Action.WNW: 15>, <Action.WNW: 15>, <Action.NNE: 25>, <Action.NNE: 25>, <Action.ESE: -15>, <Action.WNW: 15>, <Action.WSW: -11>, <Action.SSE: -27>, <Action.SSE: -27>, <Action.SSE: -27>, <Action.SSE: -27>, <Action.WSW: -11>, <Action.WSW: -11>, <Action.ESE: -15>, <Action.WNW: 15>, <Action.NNW: 27>, <Action.NNE: 25>, <Action.WNW: 15>, <Action.SSE: -27>, <Action.NNW: 27>, <Action.ESE: -15>, <Action.SSW: -25>, <Action.NNE: 25>, <Action.ENE: 11>, <Action.SSE: -27>, <Action.SSE: -27>, <Action.ENE: 11>, <Action.ESE: -15>, <Action.WNW: 15>, <Action.WSW: -11>, <Action.ENE: 11>, <Action.NNW: 27>, <Action.SSW: -25>, <Action.NNE: 25>, <Action.WSW: -11>]
Winner: Agent(agent_class=<class 'my_custom_player.CustomPlayer'>, name='Custom Agent')
Loser: Agent(agent_class=<class 'sample_players.MinimaxPlayer'>, name='Minimax Agent')

ERROR:sample_players:[Errno 2] No such file or directory: 'data.pickle'
INFO:isolation:Initial game state: Isolation(board=41523161203939122082683632224299007, ply_count=0, locs=(None, None))
First agent: Agent(agent_class=<class 'sample_players.MinimaxPlayer'>, name='Minimax Agent')
Second agent: Agent(agent_class=<class 'my_custom_player.CustomPlayer'>, name='Custom Agent')

INFO:isolation:Status: Status.GAME_OVER
Final State: Isolation(board=37890750347179087001098214829024333, ply_count=65, locs=(98, 109))
History: [42, 82, <Action.ENE: 11>, <Action.ESE: -15>, <Action.WNW: 15>, <Action.NNE: 25>, <Action.SSW: -25>, <Action.SSE: -27>, <Action.ENE: 11>, <Action.SSW: -25>, <Action.SSW: -25>, <Action.WNW: 15>, <Action.WSW: -11>, <Action.WSW: -11>, <Action.NNW: 27>, <Action.NNE: 25>, <Action.NNE: 25>, <Action.WSW: -11>, <Action.WSW: -11>, <Action.SSE: -27>, <Action.NNE: 25>, <Action.NNE: 25>, <Action.SSE: -27>, <Action.WNW: 15>, <Action.SSE: -27>, <Action.NNE: 25>, <Action.SSW: -25>, <Action.WSW: -11>, <Action.WNW: 15>, <Action.SSW: -25>, <Action.WSW: -11>, <Action.WNW: 15>, <Action.NNE: 25>, <Action.NNE: 25>, <Action.SSE: -27>, <Action.ENE: 11>, <Action.NNE: 25>, <Action.SSW: -25>, <Action.ESE: -15>, <Action.ENE: 11>, <Action.ENE: 11>, <Action.ENE: 11>, <Action.SSE: -27>, <Action.ESE: -15>, <Action.NNE: 25>, <Action.ENE: 11>, <Action.WSW: -11>, <Action.SSW: -25>, <Action.WSW: -11>, <Action.SSE: -27>, <Action.WNW: 15>, <Action.WSW: -11>, <Action.WSW: -11>, <Action.NNE: 25>, <Action.NNE: 25>, <Action.NNE: 25>, <Action.WSW: -11>, <Action.WSW: -11>, <Action.NNE: 25>, <Action.NNE: 25>, <Action.NNE: 25>, <Action.WSW: -11>, <Action.ENE: 11>, <Action.WNW: 15>, <Action.WNW: 15>]
Winner: Agent(agent_class=<class 'my_custom_player.CustomPlayer'>, name='Custom Agent')
Loser: Agent(agent_class=<class 'sample_players.MinimaxPlayer'>, name='Minimax Agent')

INFO:isolation:Status: Status.GAME_OVER
Final State: Isolation(board=27324211632910011337241737358845363, ply_count=66, locs=(33, 92))
History: [113, 86, <Action.ESE: -15>, <Action.NNE: 25>, <Action.ENE: 11>, <Action.ESE: -15>, <Action.ESE: -15>, <Action.ENE: 11>, <Action.ESE: -15>, <Action.SSE: -27>, <Action.SSE: -27>, <Action.SSE: -27>, <Action.SSW: -25>, <Action.SSW: -25>, <Action.SSW: -25>, <Action.SSW: -25>, <Action.WNW: 15>, <Action.WNW: 15>, <Action.NNE: 25>, <Action.NNE: 25>, <Action.WSW: -11>, <Action.WSW: -11>, <Action.NNE: 25>, <Action.NNE: 25>, <Action.WSW: -11>, <Action.WSW: -11>, <Action.NNE: 25>, <Action.NNE: 25>, <Action.WNW: 15>, <Action.SSE: -27>, <Action.WSW: -11>, <Action.SSW: -25>, <Action.NNE: 25>, <Action.ENE: 11>, <Action.ESE: -15>, <Action.NNE: 25>, <Action.ESE: -15>, <Action.ENE: 11>, <Action.WSW: -11>, <Action.SSE: -27>, <Action.NNE: 25>, <Action.SSW: -25>, <Action.NNE: 25>, <Action.WNW: 15>, <Action.WSW: -11>, <Action.ENE: 11>, <Action.SSW: -25>, <Action.NNE: 25>, <Action.SSW: -25>, <Action.WSW: -11>, <Action.SSE: -27>, <Action.NNW: 27>, <Action.WSW: -11>, <Action.NNE: 25>, <Action.NNE: 25>, <Action.WSW: -11>, <Action.NNW: 27>, <Action.SSE: -27>, <Action.SSW: -25>, <Action.NNE: 25>, <Action.ESE: -15>, <Action.ESE: -15>, <Action.ESE: -15>, <Action.WSW: -11>, <Action.NNW: 27>, <Action.NNE: 25>]
Winner: Agent(agent_class=<class 'my_custom_player.CustomPlayer'>, name='Custom Agent')
Loser: Agent(agent_class=<class 'sample_players.MinimaxPlayer'>, name='Minimax Agent')

INFO:isolation:Status: Status.GAME_OVER
Final State: Isolation(board=39068677604232385547344740018890475, ply_count=55, locs=(104, 8))
History: [59, 20, <Action.NNE: 25>, <Action.NNE: 25>, <Action.NNE: 25>, <Action.ESE: -15>, <Action.ESE: -15>, <Action.NNE: 25>, <Action.ESE: -15>, <Action.NNE: 25>, <Action.SSW: -25>, <Action.WSW: -11>, <Action.ESE: -15>, <Action.SSE: -27>, <Action.SSW: -25>, <Action.WNW: 15>, <Action.WNW: 15>, <Action.NNE: 25>, <Action.WNW: 15>, <Action.NNE: 25>, <Action.NNW: 27>, <Action.WSW: -11>, <Action.WSW: -11>, <Action.WSW: -11>, <Action.SSE: -27>, <Action.NNE: 25>, <Action.NNE: 25>, <Action.ESE: -15>, <Action.NNE: 25>, <Action.SSE: -27>, <Action.NNE: 25>, <Action.SSW: -25>, <Action.WSW: -11>, <Action.ESE: -15>, <Action.SSW: -25>, <Action.WSW: -11>, <Action.WSW: -11>, <Action.ESE: -15>, <Action.ESE: -15>, <Action.NNE: 25>, <Action.ESE: -15>, <Action.NNE: 25>, <Action.NNE: 25>, <Action.WSW: -11>, <Action.ENE: 11>, <Action.ESE: -15>, <Action.NNE: 25>, <Action.WSW: -11>, <Action.WSW: -11>, <Action.WSW: -11>, <Action.ESE: -15>, <Action.WNW: 15>, <Action.NNW: 27>, <Action.WSW: -11>, <Action.ENE: 11>]
Winner: Agent(agent_class=<class 'my_custom_player.CustomPlayer'>, name='Custom Agent')
Loser: Agent(agent_class=<class 'sample_players.MinimaxPlayer'>, name='Minimax Agent')

INFO:isolation:Status: Status.GAME_OVER
Final State: Isolation(board=33285976893269081763145778414593591, ply_count=76, locs=(6, 33))
History: [71, 72, <Action.NNE: 25>, <Action.NNE: 25>, <Action.ESE: -15>, <Action.ENE: 11>, <Action.SSW: -25>, <Action.ESE: -15>, <Action.ESE: -15>, <Action.ESE: -15>, <Action.NNE: 25>, <Action.SSW: -25>, <Action.SSE: -27>, <Action.SSW: -25>, <Action.WNW: 15>, <Action.WNW: 15>, <Action.WNW: 15>, <Action.WNW: 15>, <Action.SSW: -25>, <Action.SSE: -27>, <Action.SSW: -25>, <Action.ENE: 11>, <Action.NNW: 27>, <Action.SSW: -25>, <Action.ENE: 11>, <Action.WNW: 15>, <Action.NNW: 27>, <Action.NNW: 27>, <Action.ENE: 11>, <Action.ENE: 11>, <Action.ENE: 11>, <Action.ESE: -15>, <Action.SSE: -27>, <Action.SSW: -25>, <Action.SSE: -27>, <Action.SSE: -27>, <Action.WNW: 15>, <Action.ENE: 11>, <Action.SSE: -27>, <Action.WNW: 15>, <Action.NNE: 25>, <Action.WSW: -11>, <Action.WNW: 15>, <Action.WSW: -11>, <Action.NNE: 25>, <Action.WNW: 15>, <Action.WSW: -11>, <Action.NNE: 25>, <Action.WSW: -11>, <Action.SSE: -27>, <Action.WNW: 15>, <Action.NNE: 25>, <Action.SSW: -25>, <Action.WNW: 15>, <Action.SSW: -25>, <Action.WNW: 15>, <Action.SSW: -25>, <Action.ENE: 11>, <Action.ENE: 11>, <Action.NNE: 25>, <Action.WNW: 15>, <Action.WSW: -11>, <Action.NNE: 25>, <Action.ESE: -15>, <Action.NNE: 25>, <Action.NNW: 27>, <Action.WSW: -11>, <Action.SSW: -25>, <Action.SSE: -27>, <Action.SSW: -25>, <Action.SSW: -25>, <Action.SSE: -27>, <Action.ESE: -15>, <Action.SSE: -27>, <Action.ESE: -15>, <Action.NNE: 25>]
Winner: Agent(agent_class=<class 'my_custom_player.CustomPlayer'>, name='Custom Agent')
Loser: Agent(agent_class=<class 'sample_players.MinimaxPlayer'>, name='Minimax Agent')

INFO:__main__:Your agent won 80.0% of matches against Minimax Agent
